Unity Editor version:    6000.3.3f1 (ef04196de0d6)
Branch:                  6000.3/staging
Build type:              Release
Batch mode:              YES
macOS version:           Version 26.3 (Build 25D125)
Darwin version:          25.3.0
Architecture:            arm64
Running under Rosetta:   NO
Available memory:        8192 MB
Date:                    2026-03-03T15:13:10Z
[Licensing::Module] Trying to connect to existing licensing client channel...
[Licensing::IpcConnector] Successfully connected to: "LicenseClient-anugrahshetty" at "2026-03-03T15:13:10.322656Z"

COMMAND LINE ARGUMENTS:
/Volumes/NVME/Unity/6000.3.3f1/Unity.app/Contents/MacOS/Unity
-adb2
-batchMode
-noUpm
-name
AssetImportWorker1
-projectPath
/Volumes/NVME/Unity Projects/Octo
-logFile
Logs/AssetImportWorker1.log
-srvPort
49471
-licensingIpc
LicenseClient-anugrahshetty
-job-worker-count
3
-background-job-worker-count
8
-gc-helper-count
1
-name AssetImport
Successfully changed project path to: /Volumes/NVME/Unity Projects/Octo
/Volumes/NVME/Unity Projects/Octo
[UnityMemory] Configuration Parameters - Can be set up in boot.config
    "memorysetup-allocator-temp-initial-block-size-main=262144"
    "memorysetup-allocator-temp-initial-block-size-worker=262144"
    "memorysetup-temp-allocator-size-background-worker=32768"
    "memorysetup-temp-allocator-size-job-worker=262144"
    "memorysetup-temp-allocator-size-preload-manager=33554432"
    "memorysetup-temp-allocator-size-nav-mesh-worker=65536"
    "memorysetup-temp-allocator-size-audio-worker=65536"
    "memorysetup-temp-allocator-size-cloud-worker=32768"
    "memorysetup-bucket-allocator-granularity=16"
    "memorysetup-bucket-allocator-bucket-count=8"
    "memorysetup-bucket-allocator-block-size=33554432"
    "memorysetup-bucket-allocator-block-count=8"
    "memorysetup-main-allocator-block-size=16777216"
    "memorysetup-thread-allocator-block-size=16777216"
    "memorysetup-gfx-main-allocator-block-size=16777216"
    "memorysetup-gfx-thread-allocator-block-size=16777216"
    "memorysetup-cache-allocator-block-size=4194304"
    "memorysetup-typetree-allocator-block-size=2097152"
    "memorysetup-profiler-bucket-allocator-granularity=16"
    "memorysetup-profiler-bucket-allocator-bucket-count=8"
    "memorysetup-profiler-bucket-allocator-block-size=33554432"
    "memorysetup-profiler-bucket-allocator-block-count=8"
    "memorysetup-profiler-allocator-block-size=16777216"
    "memorysetup-profiler-editor-allocator-block-size=1048576"
    "memorysetup-temp-allocator-size-main=16777216"
    "memorysetup-job-temp-allocator-block-size=2097152"
    "memorysetup-job-temp-allocator-block-size-background=1048576"
    "memorysetup-job-temp-allocator-reduction-small-platforms=262144"
    "memorysetup-temp-allocator-size-gi-baking-worker=262144"
    "memorysetup-temp-allocator-size-gi-baking-worker=262144"
    "memorysetup-temp-allocator-size-gi-baking-worker=262144"
    "memorysetup-temp-allocator-size-gi-baking-worker=262144"
    "memorysetup-temp-allocator-size-gi-baking-worker=262144"
    "memorysetup-temp-allocator-size-gfx=262144"
Player connection [8675537024]  Target information:

Player connection [8675537024]  * "[IP] 192.168.0.108 [Port] 0 [Flags] 2 [Guid] 344576405 [EditorId] 344576405 [Version] 1048832 [Id] OSXEditor(0,Anugrahs-MacBook-Air.local) [Debug] 1 [PackageName] OSXEditor [ProjectName] Editor" 

Player connection [8675537024] Host joined multi-casting on [225.0.0.222:54997]...
Player connection [8675537024] Host joined alternative multi-casting on [225.0.0.222:34997]...
JobSystem: Creating JobQueue using job-worker-count value 3
Input System module state changed to: Initialized.
[Physics::Module] Initialized fallback backend.
[Physics::Module] Id: 0xdecafbad
Library Redirect Path: Library/
[Physics::Module] Selected backend.
[Physics::Module] Name: PhysX
[Physics::Module] Id: 0xf2b8ea05
[Physics::Module] SDK Version: 4.1.2
[Physics::Module] Integration Version: 1.0.0
[Physics::Module] Threading Mode: Multi-Threaded
Refreshing native plugins compatible for Editor in 10.77 ms, found 3 plugins.
Preloading 0 native plugins for Editor in 0.00 ms.
Initialize engine version: 6000.3.3f1 (ef04196de0d6)
[Subsystems] Discovering subsystems at path /Volumes/NVME/Unity/6000.3.3f1/Unity.app/Contents/Resources/UnitySubsystems
[Subsystems] Discovering subsystems at path /Volumes/NVME/Unity Projects/Octo/Assets
GfxDevice: creating device client; kGfxThreadingModeNonThreaded
 preferred device: Apple M2 (high power)
Metal devices available: 1
0: Apple M2 (high power)
Using device Apple M2 (high power)
Initializing Metal device caps: Apple M2
Mac GPU Family: 2
Apple GPU Family: 8
MSL Version: 3.0
Has Float MSAA: 1
Has Float Filtering: 1
ReadWrite Texture Tier: 2
[Licensing::Client] Handshaking with LicensingClient:
  Version:                 1.17.4+4293ba1
  Session Id:              90e816a3fce54eb9aad9823a4c0df10c
  Correlation Id:          e61e4076919f7e6f4f1573171adf8314
  External correlation Id: 7839968757290546132
  Machine Id:              2ZISDWbxTogEAx/P3haFV9/QxY0=
[Licensing::Module] Successfully connected to LicensingClient on channel: "LicenseClient-anugrahshetty" (connect: 0.00s, validation: 0.00s, handshake: 0.98s)
[Licensing::IpcConnector] Successfully connected to: "LicenseClient-anugrahshetty-notifications" at "2026-03-03T15:13:11.309354Z"
[Licensing::Module] Licensing Background thread has ended after 0.99s
Initialize mono
Mono path[0] = '/Volumes/NVME/Unity/6000.3.3f1/Unity.app/Contents/Resources/Scripting/Managed'
Mono path[1] = '/Volumes/NVME/Unity/6000.3.3f1/Unity.app/Contents/Resources/Scripting/MonoBleedingEdge/lib/mono/unityjit-macos'
Mono config path = '/Volumes/NVME/Unity/6000.3.3f1/Unity.app/Contents/Resources/Scripting/MonoBleedingEdge/etc'
Using monoOptions --debugger-agent=transport=dt_socket,embedding=1,server=y,suspend=n,address=127.0.0.1:56383
Begin MonoManager ReloadAssembly
Registering precompiled unity dll's ...
Register platform support module: /Volumes/NVME/Unity/6000.3.3f1/Unity.app/Contents/PlaybackEngines/MacStandaloneSupport/UnityEditor.OSXStandalone.Extensions.dll
Registered in 0.001208 seconds.
- Loaded All Assemblies, in  0.434 seconds
Native extension for OSXStandalone target not found
Mono: successfully reloaded assembly
- Finished resetting the current domain, in  0.382 seconds
Domain Reload Profiling: 816ms
	BeginReloadAssembly (186ms)
		ExecutionOrderSort (0ms)
		DisableScriptedObjects (0ms)
		BackupInstance (0ms)
		ReleaseScriptingObjects (0ms)
		CreateAndSetChildDomain (1ms)
	RebuildCommonClasses (38ms)
	RebuildNativeTypeToScriptingClass (11ms)
	initialDomainReloadingComplete (45ms)
	LoadAllAssembliesAndSetupDomain (153ms)
		LoadAssemblies (185ms)
		RebuildTransferFunctionScriptingTraits (0ms)
		AnalyzeDomain (148ms)
			TypeCache.Refresh (146ms)
				TypeCache.ScanAssembly (129ms)
			BuildScriptInfoCaches (0ms)
			ResolveRequiredComponents (1ms)
	FinalizeReload (383ms)
		ReleaseScriptCaches (0ms)
		RebuildScriptCaches (0ms)
		SetupLoadedEditorAssemblies (321ms)
			LogAssemblyErrors (0ms)
			InitializePlatformSupportModulesInManaged (37ms)
			SetLoadedEditorAssemblies (5ms)
			BeforeProcessingInitializeOnLoad (81ms)
			ProcessInitializeOnLoadAttributes (113ms)
			ProcessInitializeOnLoadMethodAttributes (84ms)
			AfterProcessingInitializeOnLoad (0ms)
			EditorAssembliesLoaded (0ms)
		ExecutionOrderSort2 (0ms)
		AwakeInstancesAfterBackupRestoration (0ms)
[CoreBusinessMetrics] Unexpected thread when updating session info.
========================================================================
Worker process is ready to serve import requests
Import Worker Mode flag is 0x00
Begin MonoManager ReloadAssembly
[Licensing::Client] Successfully resolved entitlement details
[Licensing::Module] License group:
  Id: 13469192992208-UnityPersXXXX
  Product: Unity Personal
  Type: Assigned
  Expiration: Unlimited
- Loaded All Assemblies, in  0.924 seconds
Refreshing native plugins compatible for Editor in 2.93 ms, found 3 plugins.
Native extension for OSXStandalone target not found
System.Net.Sockets.SocketException (0x80004005): Address already in use
  at System.Net.Sockets.Socket.Bind (System.Net.EndPoint localEP) [0x00043] in <6c5ac471d4e94f0fb88aec041d27c600>:0 
  at System.Net.EndPointListener..ctor (System.Net.HttpListener listener, System.Net.IPAddress addr, System.Int32 port, System.Boolean secure) [0x00047] in <6c5ac471d4e94f0fb88aec041d27c600>:0 
  at System.Net.EndPointManager.GetEPListener (System.String host, System.Int32 port, System.Net.HttpListener listener, System.Boolean secure) [0x0009d] in <6c5ac471d4e94f0fb88aec041d27c600>:0 
  at System.Net.EndPointManager.AddPrefixInternal (System.String p, System.Net.HttpListener listener) [0x0005e] in <6c5ac471d4e94f0fb88aec041d27c600>:0 
  at System.Net.EndPointManager.AddPrefix (System.String prefix, System.Net.HttpListener listener) [0x00010] in <6c5ac471d4e94f0fb88aec041d27c600>:0 
  at System.Net.HttpListenerPrefixCollection.Add (System.String uriPrefix) [0x00039] in <6c5ac471d4e94f0fb88aec041d27c600>:0 
  at NDream.AirConsole.Editor.WebListener.Start () [0x0005d] in /Volumes/NVME/Unity Projects/Octo/Assets/AirConsole/scripts/editor/WebListener.cs:35 
  at NDream.AirConsole.Editor.Extentions..cctor () [0x00016] in /Volumes/NVME/Unity Projects/Octo/Assets/AirConsole/scripts/editor/Extentions.cs:24 
UnityEngine.Debug:ExtractStackTraceNoAlloc (byte*,int,string)
UnityEngine.StackTraceUtility:ExtractStackTrace () (at /Users/bokken/build/output/unity/unity/Runtime/Export/Scripting/StackTrace.cs:35)
UnityEngine.DebugLogHandler:Internal_Log (UnityEngine.LogType,UnityEngine.LogOption,string,UnityEngine.Object)
UnityEngine.DebugLogHandler:LogFormat (UnityEngine.LogType,UnityEngine.Object,string,object[])
UnityEngine.Logger:Log (UnityEngine.LogType,object)
UnityEngine.Debug:LogError (object)
UnityEditor.EditorAssemblies:ProcessInitializeOnLoadAttributes (System.Type[]) (at /Users/bokken/build/output/unity/unity/Editor/Mono/EditorAssemblies.cs:132)

(Filename: /Users/bokken/build/output/unity/unity/Editor/Mono/EditorAssemblies.cs Line: 132)

[MODES] ModeService[none].Initialize
[MODES] ModeService[none].LoadModes
[MODES] Loading mode Default (0) for mode-current-id-Octo
Package Manager log level set to [2]
[Package Manager] Failed to launch server process. Reason: Unity was launched with the -noUpm command-line argument
[Package Manager] Unable to send message (not connected to server process).
[Package Manager] Cannot connect to Unity Package Manager local server
Mono: successfully reloaded assembly
- Finished resetting the current domain, in  1.010 seconds
Domain Reload Profiling: 1935ms
	BeginReloadAssembly (151ms)
		ExecutionOrderSort (0ms)
		DisableScriptedObjects (4ms)
		BackupInstance (0ms)
		ReleaseScriptingObjects (0ms)
		CreateAndSetChildDomain (58ms)
	RebuildCommonClasses (27ms)
	RebuildNativeTypeToScriptingClass (10ms)
	initialDomainReloadingComplete (21ms)
	LoadAllAssembliesAndSetupDomain (716ms)
		LoadAssemblies (455ms)
		RebuildTransferFunctionScriptingTraits (0ms)
		AnalyzeDomain (310ms)
			TypeCache.Refresh (245ms)
				TypeCache.ScanAssembly (198ms)
			BuildScriptInfoCaches (52ms)
			ResolveRequiredComponents (9ms)
	FinalizeReload (1010ms)
		ReleaseScriptCaches (0ms)
		RebuildScriptCaches (0ms)
		SetupLoadedEditorAssemblies (778ms)
			LogAssemblyErrors (0ms)
			InitializePlatformSupportModulesInManaged (1ms)
			SetLoadedEditorAssemblies (3ms)
			BeforeProcessingInitializeOnLoad (116ms)
			ProcessInitializeOnLoadAttributes (586ms)
			ProcessInitializeOnLoadMethodAttributes (70ms)
			AfterProcessingInitializeOnLoad (1ms)
			EditorAssembliesLoaded (0ms)
		ExecutionOrderSort2 (0ms)
		AwakeInstancesAfterBackupRestoration (2ms)
WARNING: Shader Unsupported: 'Universal Render Pipeline/VR/SpatialMapping/Wireframe' - All subshaders removed
WARNING: Shader Did you use #pragma only_renderers and omit this platform?
WARNING: Shader If subshaders removal was intentional, you may have forgotten turning Fallback off?
WARNING: Shader Unsupported: 'Universal Render Pipeline/VR/SpatialMapping/Wireframe' - All subshaders removed
WARNING: Shader Did you use #pragma only_renderers and omit this platform?
WARNING: Shader If subshaders removal was intentional, you may have forgotten turning Fallback off?
Launching external process: /Volumes/NVME/Unity/6000.3.3f1/Unity.app/Contents/Helpers/UnityShaderCompiler
Launched and connected shader compiler UnityShaderCompiler after 0.17 seconds
Refreshing native plugins compatible for Editor in 1.20 ms, found 3 plugins.
Preloading 0 native plugins for Editor in 0.00 ms.
Unloading 17 Unused Serialized files (Serialized files now loaded: 0)
Unloading 6343 unused Assets / (2.0 MB). Loaded Objects now: 7137.
Memory consumption went from 138.7 MB to 136.7 MB.
Total: 64.691625 ms (FindLiveObjects: 11.621375 ms CreateObjectMapping: 0.498416 ms MarkObjects: 46.021083 ms  DeleteObjects: 6.550334 ms)

========================================================================
Received Import Request.
  Time since last request: 9731.487098 seconds.
  path: Assets/Scripts/Input/DirectControllerServer.cs
  artifactKey: Guid(b5254ff34ab9f49d38adcd37140329c7) Importer(2089858483,b0f066a214c2f5e87bad3c948f4d605d)
Start importing Assets/Scripts/Input/DirectControllerServer.cs using Guid(b5254ff34ab9f49d38adcd37140329c7) Importer(2089858483,b0f066a214c2f5e87bad3c948f4d605d) (ScriptedImporter) -> (artifact id: 'e22c5ce6e7861e1c62926ea9f7adcd24') in 0.208313167 seconds
Number of updated asset objects reloaded before import = 0Number of asset objects unloaded after import = 0

========================================================================
Received Prepare
WARNING: Shader Unsupported: 'Universal Render Pipeline/VR/SpatialMapping/Wireframe' - All subshaders removed
WARNING: Shader Did you use #pragma only_renderers and omit this platform?
WARNING: Shader If subshaders removal was intentional, you may have forgotten turning Fallback off?
WARNING: Shader Unsupported: 'Universal Render Pipeline/VR/SpatialMapping/Wireframe' - All subshaders removed
WARNING: Shader Did you use #pragma only_renderers and omit this platform?
WARNING: Shader If subshaders removal was intentional, you may have forgotten turning Fallback off?
Refreshing native plugins compatible for Editor in 1.12 ms, found 3 plugins.
Preloading 0 native plugins for Editor in 0.00 ms.
Unloading 53 Unused Serialized files (Serialized files now loaded: 0)
Unloading 6772 unused Assets / (7.0 MB). Loaded Objects now: 7545.
Memory consumption went from 149.5 MB to 142.5 MB.
Total: 180.367916 ms (FindLiveObjects: 1.897583 ms CreateObjectMapping: 0.794792 ms MarkObjects: 173.198958 ms  DeleteObjects: 4.476375 ms)

Prepare: number of updated asset objects reloaded= 0
========================================================================
Received Prepare
WARNING: Shader Unsupported: 'Universal Render Pipeline/VR/SpatialMapping/Wireframe' - All subshaders removed
WARNING: Shader Did you use #pragma only_renderers and omit this platform?
WARNING: Shader If subshaders removal was intentional, you may have forgotten turning Fallback off?
WARNING: Shader Unsupported: 'Universal Render Pipeline/VR/SpatialMapping/Wireframe' - All subshaders removed
WARNING: Shader Did you use #pragma only_renderers and omit this platform?
WARNING: Shader If subshaders removal was intentional, you may have forgotten turning Fallback off?
Refreshing native plugins compatible for Editor in 0.78 ms, found 3 plugins.
Preloading 0 native plugins for Editor in 0.00 ms.
Unloading 53 Unused Serialized files (Serialized files now loaded: 0)
Unloading 6772 unused Assets / (6.0 MB). Loaded Objects now: 7545.
Memory consumption went from 149.6 MB to 143.6 MB.
Total: 56.762042 ms (FindLiveObjects: 0.701792 ms CreateObjectMapping: 0.411875 ms MarkObjects: 48.776292 ms  DeleteObjects: 6.871792 ms)

Prepare: number of updated asset objects reloaded= 0
========================================================================
Received Prepare
WARNING: Shader Unsupported: 'Universal Render Pipeline/VR/SpatialMapping/Wireframe' - All subshaders removed
WARNING: Shader Did you use #pragma only_renderers and omit this platform?
WARNING: Shader If subshaders removal was intentional, you may have forgotten turning Fallback off?
WARNING: Shader Unsupported: 'Universal Render Pipeline/VR/SpatialMapping/Wireframe' - All subshaders removed
WARNING: Shader Did you use #pragma only_renderers and omit this platform?
WARNING: Shader If subshaders removal was intentional, you may have forgotten turning Fallback off?
Refreshing native plugins compatible for Editor in 0.49 ms, found 3 plugins.
Preloading 0 native plugins for Editor in 0.00 ms.
Unloading 53 Unused Serialized files (Serialized files now loaded: 0)
Unloading 6772 unused Assets / (7.2 MB). Loaded Objects now: 7545.
Memory consumption went from 149.6 MB to 142.4 MB.
Total: 13.129583 ms (FindLiveObjects: 0.445334 ms CreateObjectMapping: 0.407291 ms MarkObjects: 7.172709 ms  DeleteObjects: 5.104000 ms)

Prepare: number of updated asset objects reloaded= 0
========================================================================
Received Import Request.
  Time since last request: 3086.656572 seconds.
  path: Assets/ProjectFiles_PickUpDropObjects/Assets/_/Stuff/Videos/Inventory/Prefabs
  artifactKey: Guid(2bbc8fa6867655e40a2ada2fbf148163) Importer(2089858483,b0f066a214c2f5e87bad3c948f4d605d)
Start importing Assets/ProjectFiles_PickUpDropObjects/Assets/_/Stuff/Videos/Inventory/Prefabs using Guid(2bbc8fa6867655e40a2ada2fbf148163) Importer(2089858483,b0f066a214c2f5e87bad3c948f4d605d) (ScriptedImporter) -> (artifact id: '7fcb2e480238226778c7333aa144c431') in 0.049338209 seconds
Number of updated asset objects reloaded before import = 0Number of asset objects unloaded after import = 1

========================================================================
Received Import Request.
  Time since last request: 0.000104 seconds.
  path: Assets/ProjectFiles_PickUpDropObjects/Assets/_/Stuff/V_Animation/Resources/AnimationData/Animations/dSwordShield_SpartanKickUpRight.bytes
  artifactKey: Guid(1e5df485a0a53d149877c2f2972e2c8b) Importer(2089858483,b0f066a214c2f5e87bad3c948f4d605d)
Start importing Assets/ProjectFiles_PickUpDropObjects/Assets/_/Stuff/V_Animation/Resources/AnimationData/Animations/dSwordShield_SpartanKickUpRight.bytes using Guid(1e5df485a0a53d149877c2f2972e2c8b) Importer(2089858483,b0f066a214c2f5e87bad3c948f4d605d) (ScriptedImporter) -> (artifact id: '1f6e190282a4a5bb122e571afba89967') in 0.002439666 seconds
Number of updated asset objects reloaded before import = 0Number of asset objects unloaded after import = 1

========================================================================
Received Import Request.
  Time since last request: 0.000035 seconds.
  path: Assets/ProjectFiles_PickUpDropObjects/Assets/_/Stuff/V_Animation/Resources/AnimationData/_Default/Animations/dSwordShield/dSwordShield_AttackRight.bytes
  artifactKey: Guid(245a04f879fe741448b32a4efe9a2c6a) Importer(2089858483,b0f066a214c2f5e87bad3c948f4d605d)
Start importing Assets/ProjectFiles_PickUpDropObjects/Assets/_/Stuff/V_Animation/Resources/AnimationData/_Default/Animations/dSwordShield/dSwordShield_AttackRight.bytes using Guid(245a04f879fe741448b32a4efe9a2c6a) Importer(2089858483,b0f066a214c2f5e87bad3c948f4d605d) (ScriptedImporter) -> (artifact id: '079cfa887cdd4daf0b46db63433d5a4d') in 0.002543417 seconds
Number of updated asset objects reloaded before import = 0Number of asset objects unloaded after import = 1

========================================================================
Received Import Request.
  Time since last request: 0.000041 seconds.
  path: Assets/ProjectFiles_PickUpDropObjects/Assets/_/Stuff/V_Animation/Resources/AnimationData/_Default/Animations/dMarine/dMarine_WalkDownRight.bytes
  artifactKey: Guid(fb547cfa67dac1643b53edac48ff19a4) Importer(2089858483,b0f066a214c2f5e87bad3c948f4d605d)
Start importing Assets/ProjectFiles_PickUpDropObjects/Assets/_/Stuff/V_Animation/Resources/AnimationData/_Default/Animations/dMarine/dMarine_WalkDownRight.bytes using Guid(fb547cfa67dac1643b53edac48ff19a4) Importer(2089858483,b0f066a214c2f5e87bad3c948f4d605d) (ScriptedImporter) -> (artifact id: '7590b0a0435947ed8d01da9c317edeba') in 0.002550375 seconds
Number of updated asset objects reloaded before import = 0Number of asset objects unloaded after import = 1

========================================================================
Received Import Request.
  Time since last request: 0.000047 seconds.
  path: Assets/ProjectFiles_PickUpDropObjects/ProjectSettings/InputManager.asset
  artifactKey: Guid(611fe9d9f4bff4c8a967322b889968ed) Importer(2089858483,b0f066a214c2f5e87bad3c948f4d605d)
Start importing Assets/ProjectFiles_PickUpDropObjects/ProjectSettings/InputManager.asset using Guid(611fe9d9f4bff4c8a967322b889968ed) Importer(2089858483,b0f066a214c2f5e87bad3c948f4d605d) (ScriptedImporter) -> (artifact id: '63c9ca4c7c96f507ee872b5a1661a620') in 0.008034792 seconds
Number of updated asset objects reloaded before import = 0Number of asset objects unloaded after import = 1

========================================================================
Received Import Request.
  Time since last request: 0.000061 seconds.
  path: Assets/ProjectFiles_PickUpDropObjects/Assets/_/Stuff/Videos/TopDownShooter/Scripts/UI_Weapon.cs
  artifactKey: Guid(8d72452e99b0dad4a82760faf83eebb8) Importer(2089858483,b0f066a214c2f5e87bad3c948f4d605d)
Start importing Assets/ProjectFiles_PickUpDropObjects/Assets/_/Stuff/Videos/TopDownShooter/Scripts/UI_Weapon.cs using Guid(8d72452e99b0dad4a82760faf83eebb8) Importer(2089858483,b0f066a214c2f5e87bad3c948f4d605d) (ScriptedImporter) -> (artifact id: '0ac280e8746bd3f895acd55697de9b3f') in 0.005222708 seconds
Number of updated asset objects reloaded before import = 0Number of asset objects unloaded after import = 0

========================================================================
Received Import Request.
  Time since last request: 0.000042 seconds.
  path: Assets/ProjectFiles_PickUpDropObjects/Assets/_/Stuff/V_Animation/Resources/AnimationData/Animations/WeaponLong_DeathblowHitLeft.bytes
  artifactKey: Guid(e21f1370e46853d4aa80f6503f7db257) Importer(2089858483,b0f066a214c2f5e87bad3c948f4d605d)
Start importing Assets/ProjectFiles_PickUpDropObjects/Assets/_/Stuff/V_Animation/Resources/AnimationData/Animations/WeaponLong_DeathblowHitLeft.bytes using Guid(e21f1370e46853d4aa80f6503f7db257) Importer(2089858483,b0f066a214c2f5e87bad3c948f4d605d) (ScriptedImporter) -> (artifact id: 'e31a209540656170dc5f297189b99002') in 0.004062125 seconds
Number of updated asset objects reloaded before import = 0Number of asset objects unloaded after import = 1

========================================================================
Received Import Request.
  Time since last request: 0.000043 seconds.
  path: Assets/ProjectFiles_PickUpDropObjects/Assets/_/Stuff/V_Animation/Resources/AnimationData/Animations/dMarine_Attack_3.bytes
  artifactKey: Guid(8fccd3d69b1fefd4ba89cf8e56615367) Importer(2089858483,b0f066a214c2f5e87bad3c948f4d605d)
Start importing Assets/ProjectFiles_PickUpDropObjects/Assets/_/Stuff/V_Animation/Resources/AnimationData/Animations/dMarine_Attack_3.bytes using Guid(8fccd3d69b1fefd4ba89cf8e56615367) Importer(2089858483,b0f066a214c2f5e87bad3c948f4d605d) (ScriptedImporter) -> (artifact id: 'a68ff1d0cc1596b3ed6f1fa00bd94f42') in 0.004617792 seconds
Number of updated asset objects reloaded before import = 0Number of asset objects unloaded after import = 1

========================================================================
Received Import Request.
  Time since last request: 0.000040 seconds.
  path: Assets/ProjectFiles_PickUpDropObjects/Assets/_/Stuff/V_Animation/Resources/AnimationData/_Default/AnimationTypes/dOgre_Walk.bytes
  artifactKey: Guid(9e12479dfd724e243bbfdee84ae95a48) Importer(2089858483,b0f066a214c2f5e87bad3c948f4d605d)
Start importing Assets/ProjectFiles_PickUpDropObjects/Assets/_/Stuff/V_Animation/Resources/AnimationData/_Default/AnimationTypes/dOgre_Walk.bytes using Guid(9e12479dfd724e243bbfdee84ae95a48) Importer(2089858483,b0f066a214c2f5e87bad3c948f4d605d) (ScriptedImporter) -> (artifact id: 'e0deabb44e193bb76a84ece58532cb69') in 0.002553958 seconds
Number of updated asset objects reloaded before import = 0Number of asset objects unloaded after import = 1

========================================================================
Received Import Request.
  Time since last request: 0.000044 seconds.
  path: Assets/ProjectFiles_PickUpDropObjects/UserSettings/EditorUserSettings.asset
  artifactKey: Guid(c943757abeca74247b15570325d3af6f) Importer(2089858483,b0f066a214c2f5e87bad3c948f4d605d)
Start importing Assets/ProjectFiles_PickUpDropObjects/UserSettings/EditorUserSettings.asset using Guid(c943757abeca74247b15570325d3af6f) Importer(2089858483,b0f066a214c2f5e87bad3c948f4d605d) (ScriptedImporter) -> (artifact id: '99a4f43f46238d8c6575581639a0b511') in 0.002764084 seconds
Number of updated asset objects reloaded before import = 0Number of asset objects unloaded after import = 1

========================================================================
Received Import Request.
  Time since last request: 0.000060 seconds.
  path: Assets/ProjectFiles_PickUpDropObjects/Assets/_/Stuff/V_ObjectSystem/V_TimeScaleManager.cs
  artifactKey: Guid(7e72bed32799fa7498c17c4d69d80bed) Importer(2089858483,b0f066a214c2f5e87bad3c948f4d605d)
Start importing Assets/ProjectFiles_PickUpDropObjects/Assets/_/Stuff/V_ObjectSystem/V_TimeScaleManager.cs using Guid(7e72bed32799fa7498c17c4d69d80bed) Importer(2089858483,b0f066a214c2f5e87bad3c948f4d605d) (ScriptedImporter) -> (artifact id: '480f69a83c9b10b8dc3cdde74833b87a') in 0.00177375 seconds
Number of updated asset objects reloaded before import = 0Number of asset objects unloaded after import = 0

========================================================================
Received Import Request.
  Time since last request: 0.000056 seconds.
  path: Assets/ProjectFiles_PickUpDropObjects/Assets/_/Stuff/Videos/GridBuildingSystem/Prefabs/_
  artifactKey: Guid(f606492ba71e1c84ab78ea0370983a13) Importer(2089858483,b0f066a214c2f5e87bad3c948f4d605d)
Start importing Assets/ProjectFiles_PickUpDropObjects/Assets/_/Stuff/Videos/GridBuildingSystem/Prefabs/_ using Guid(f606492ba71e1c84ab78ea0370983a13) Importer(2089858483,b0f066a214c2f5e87bad3c948f4d605d) (ScriptedImporter) -> (artifact id: '50da3d25e67cc42e304b67e5be3e2e1d') in 0.001636417 seconds
Number of updated asset objects reloaded before import = 0Number of asset objects unloaded after import = 1

========================================================================
Received Import Request.
  Time since last request: 0.000039 seconds.
  path: Assets/ProjectFiles_PickUpDropObjects/UserSettings
  artifactKey: Guid(d0e0a8facf02947e08834dd135d81f3e) Importer(2089858483,b0f066a214c2f5e87bad3c948f4d605d)
Start importing Assets/ProjectFiles_PickUpDropObjects/UserSettings using Guid(d0e0a8facf02947e08834dd135d81f3e) Importer(2089858483,b0f066a214c2f5e87bad3c948f4d605d) (ScriptedImporter) -> (artifact id: '5ec6a2db785f5f046cb51a8d754ff1f2') in 0.001917667 seconds
Number of updated asset objects reloaded before import = 0Number of asset objects unloaded after import = 1

========================================================================
Received Import Request.
  Time since last request: 0.000172 seconds.
  path: Assets/ProjectFiles_PickUpDropObjects/Assets/_/Stuff/V_Animation/Resources/AnimationData/_Default/Animations/dSwordTwoHandedBack/dSwordTwoHandedBack_CounterDown.bytes
  artifactKey: Guid(5c6432f77e2d6a648beacfe5df44c2e9) Importer(2089858483,b0f066a214c2f5e87bad3c948f4d605d)
Start importing Assets/ProjectFiles_PickUpDropObjects/Assets/_/Stuff/V_Animation/Resources/AnimationData/_Default/Animations/dSwordTwoHandedBack/dSwordTwoHandedBack_CounterDown.bytes using Guid(5c6432f77e2d6a648beacfe5df44c2e9) Importer(2089858483,b0f066a214c2f5e87bad3c948f4d605d) (ScriptedImporter) -> (artifact id: '8e5f4907782916e2be33538d91d10069') in 0.003543875 seconds
Number of updated asset objects reloaded before import = 0Number of asset objects unloaded after import = 1

========================================================================
Received Import Request.
  Time since last request: 0.000082 seconds.
  path: Assets/ProjectFiles_PickUpDropObjects/Assets/_/Stuff/V_Animation/Resources/AnimationData/Animations/dBareHands_KickDown.bytes
  artifactKey: Guid(8b25a9b3fcc5635449881dd7816a2107) Importer(2089858483,b0f066a214c2f5e87bad3c948f4d605d)
Start importing Assets/ProjectFiles_PickUpDropObjects/Assets/_/Stuff/V_Animation/Resources/AnimationData/Animations/dBareHands_KickDown.bytes using Guid(8b25a9b3fcc5635449881dd7816a2107) Importer(2089858483,b0f066a214c2f5e87bad3c948f4d605d) (ScriptedImporter) -> (artifact id: '08109bca0cced6ea1aa0b96d5fc7e01f') in 0.002214959 seconds
Number of updated asset objects reloaded before import = 0Number of asset objects unloaded after import = 1

========================================================================
Received Import Request.
  Time since last request: 0.000039 seconds.
  path: Assets/ProjectFiles_PickUpDropObjects/Assets/_/Stuff/Videos/LoadingScene/LoaderCallback.cs
  artifactKey: Guid(bdce77338c08fc44db6fcfce119d087a) Importer(2089858483,b0f066a214c2f5e87bad3c948f4d605d)
Start importing Assets/ProjectFiles_PickUpDropObjects/Assets/_/Stuff/Videos/LoadingScene/LoaderCallback.cs using Guid(bdce77338c08fc44db6fcfce119d087a) Importer(2089858483,b0f066a214c2f5e87bad3c948f4d605d) (ScriptedImporter) -> (artifact id: '4522a42f09d33fb8cb12efe1526294cd') in 0.006230917 seconds
Number of updated asset objects reloaded before import = 0Number of asset objects unloaded after import = 0

========================================================================
Received Import Request.
  Time since last request: 0.000039 seconds.
  path: Assets/ProjectFiles_PickUpDropObjects/Assets/_/Stuff/Videos/BossBattle/Scripts/BossBattle.cs
  artifactKey: Guid(5e36b5bc33a607a4f90cefc6deca81b3) Importer(2089858483,b0f066a214c2f5e87bad3c948f4d605d)
Start importing Assets/ProjectFiles_PickUpDropObjects/Assets/_/Stuff/Videos/BossBattle/Scripts/BossBattle.cs using Guid(5e36b5bc33a607a4f90cefc6deca81b3) Importer(2089858483,b0f066a214c2f5e87bad3c948f4d605d) (ScriptedImporter) -> (artifact id: '1c68f5df5c3a086899037c26b0c9b5c0') in 0.002076375 seconds
Number of updated asset objects reloaded before import = 0Number of asset objects unloaded after import = 0

========================================================================
Received Import Request.
  Time since last request: 0.000176 seconds.
  path: Assets/ProjectFiles_PickUpDropObjects/Assets/_/Stuff/V_Animation/Resources/AnimationData/Animations/Spiderman_ShootWebSingleOneRight.bytes
  artifactKey: Guid(eb0be398436f8dd42be80d43a20130e2) Importer(2089858483,b0f066a214c2f5e87bad3c948f4d605d)
Start importing Assets/ProjectFiles_PickUpDropObjects/Assets/_/Stuff/V_Animation/Resources/AnimationData/Animations/Spiderman_ShootWebSingleOneRight.bytes using Guid(eb0be398436f8dd42be80d43a20130e2) Importer(2089858483,b0f066a214c2f5e87bad3c948f4d605d) (ScriptedImporter) -> (artifact id: 'd61996137a0f91c2f24123cdfb3c33ac') in 0.003009958 seconds
Number of updated asset objects reloaded before import = 0Number of asset objects unloaded after import = 1

========================================================================
Received Import Request.
  Time since last request: 0.000040 seconds.
  path: Assets/ProjectFiles_PickUpDropObjects/Assets/_/Stuff/V_Animation/Resources/AnimationData/_Default/Animations/dChuckBoris/dChuckBoris_AttackLeft.bytes
  artifactKey: Guid(b1740f04f6e233b43924cd19421fe24b) Importer(2089858483,b0f066a214c2f5e87bad3c948f4d605d)
Start importing Assets/ProjectFiles_PickUpDropObjects/Assets/_/Stuff/V_Animation/Resources/AnimationData/_Default/Animations/dChuckBoris/dChuckBoris_AttackLeft.bytes using Guid(b1740f04f6e233b43924cd19421fe24b) Importer(2089858483,b0f066a214c2f5e87bad3c948f4d605d) (ScriptedImporter) -> (artifact id: '9458f0f531926cfbb65cee2f8845225b') in 0.002019416 seconds
Number of updated asset objects reloaded before import = 0Number of asset objects unloaded after import = 1

========================================================================
Received Import Request.
  Time since last request: 0.000052 seconds.
  path: Assets/ProjectFiles_PickUpDropObjects/Assets/_/Stuff/V_Animation/Resources/AnimationData/Animations/Aim_SwordTwoHandedChargeRight.bytes
  artifactKey: Guid(2d17e242ae8564d4b9e713947c7e69b0) Importer(2089858483,b0f066a214c2f5e87bad3c948f4d605d)
Start importing Assets/ProjectFiles_PickUpDropObjects/Assets/_/Stuff/V_Animation/Resources/AnimationData/Animations/Aim_SwordTwoHandedChargeRight.bytes using Guid(2d17e242ae8564d4b9e713947c7e69b0) Importer(2089858483,b0f066a214c2f5e87bad3c948f4d605d) (ScriptedImporter) -> (artifact id: '8801941414ccca73bf0aec2f9fbfa135') in 0.002519375 seconds
Number of updated asset objects reloaded before import = 0Number of asset objects unloaded after import = 1

========================================================================
Received Import Request.
  Time since last request: 0.000038 seconds.
  path: Assets/ProjectFiles_PickUpDropObjects/Assets/_/Stuff/V_Animation/Resources/AnimationData/_Default/Animations/dArrow/dArrow_WalkLeft.bytes
  artifactKey: Guid(7885bcdfaa6b7c14fa4579bf6c227444) Importer(2089858483,b0f066a214c2f5e87bad3c948f4d605d)
Start importing Assets/ProjectFiles_PickUpDropObjects/Assets/_/Stuff/V_Animation/Resources/AnimationData/_Default/Animations/dArrow/dArrow_WalkLeft.bytes using Guid(7885bcdfaa6b7c14fa4579bf6c227444) Importer(2089858483,b0f066a214c2f5e87bad3c948f4d605d) (ScriptedImporter) -> (artifact id: 'cce31323a9b5ab60f21aa470a5513d25') in 0.002697292 seconds
Number of updated asset objects reloaded before import = 0Number of asset objects unloaded after import = 1

========================================================================
Received Import Request.
  Time since last request: 0.000147 seconds.
  path: Assets/ProjectFiles_PickUpDropObjects/Assets/_/Stuff/Videos/InventoryTetris/Items/Pistol.prefab
  artifactKey: Guid(241024e9f408530478e884d560931f1b) Importer(2089858483,b0f066a214c2f5e87bad3c948f4d605d)
Start importing Assets/ProjectFiles_PickUpDropObjects/Assets/_/Stuff/Videos/InventoryTetris/Items/Pistol.prefab using Guid(241024e9f408530478e884d560931f1b) Importer(2089858483,b0f066a214c2f5e87bad3c948f4d605d) (ScriptedImporter) -> (artifact id: '53b1ea8fe28c16f8e399db70267df0c3') in 0.0827785 seconds
Number of updated asset objects reloaded before import = 0Number of asset objects unloaded after import = 13

========================================================================
Received Import Request.
  Time since last request: 0.000050 seconds.
  path: Assets/ProjectFiles_PickUpDropObjects/Assets/_/Stuff/V_Animation/Resources/AnimationData/_Default/Animations/dChuckBoris/dChuckBoris_WalkLeft.bytes
  artifactKey: Guid(0386ac1a896eb4c459e538efe0f1de8c) Importer(2089858483,b0f066a214c2f5e87bad3c948f4d605d)
Start importing Assets/ProjectFiles_PickUpDropObjects/Assets/_/Stuff/V_Animation/Resources/AnimationData/_Default/Animations/dChuckBoris/dChuckBoris_WalkLeft.bytes using Guid(0386ac1a896eb4c459e538efe0f1de8c) Importer(2089858483,b0f066a214c2f5e87bad3c948f4d605d) (ScriptedImporter) -> (artifact id: '921330838bbea9164feb8aa643e1616e') in 0.002947458 seconds
Number of updated asset objects reloaded before import = 0Number of asset objects unloaded after import = 1

========================================================================
Received Import Request.
  Time since last request: 0.000095 seconds.
  path: Assets/ProjectFiles_PickUpDropObjects/Assets/_/Stuff/Videos/DrawMesh/DrawMeshMaterial.mat
  artifactKey: Guid(93d8938b4326d8c4594518742c44f4b4) Importer(2089858483,b0f066a214c2f5e87bad3c948f4d605d)
Start importing Assets/ProjectFiles_PickUpDropObjects/Assets/_/Stuff/Videos/DrawMesh/DrawMeshMaterial.mat using Guid(93d8938b4326d8c4594518742c44f4b4) Importer(2089858483,b0f066a214c2f5e87bad3c948f4d605d) (ScriptedImporter) -> (artifact id: '816c442c5e98d12b5300a776a1a31204') in 0.115680667 seconds
Number of updated asset objects reloaded before import = 0Number of asset objects unloaded after import = 1

========================================================================
Received Import Request.
  Time since last request: 0.000107 seconds.
  path: Assets/ProjectFiles_PickUpDropObjects/Assets/_/Stuff/Videos/TopDownShooter/Materials/Shuriken.mat
  artifactKey: Guid(dccb522ded0312e4e8c5d4d5ed4ef3e4) Importer(2089858483,b0f066a214c2f5e87bad3c948f4d605d)
Start importing Assets/ProjectFiles_PickUpDropObjects/Assets/_/Stuff/Videos/TopDownShooter/Materials/Shuriken.mat using Guid(dccb522ded0312e4e8c5d4d5ed4ef3e4) Importer(2089858483,b0f066a214c2f5e87bad3c948f4d605d) (ScriptedImporter) -> (artifact id: 'd89b5a6b38585d5389e075cf0b277127') in 0.004523084 seconds
Number of updated asset objects reloaded before import = 0Number of asset objects unloaded after import = 2

========================================================================
Received Import Request.
  Time since last request: 0.000087 seconds.
  path: Assets/ProjectFiles_PickUpDropObjects/Assets/_/Stuff/V_Animation/Resources/AnimationData/_Default/AnimationTypes/dPersian_Idle.bytes
  artifactKey: Guid(0412da2e9cdcbbf4398804c9e0e6a6a0) Importer(2089858483,b0f066a214c2f5e87bad3c948f4d605d)
Start importing Assets/ProjectFiles_PickUpDropObjects/Assets/_/Stuff/V_Animation/Resources/AnimationData/_Default/AnimationTypes/dPersian_Idle.bytes using Guid(0412da2e9cdcbbf4398804c9e0e6a6a0) Importer(2089858483,b0f066a214c2f5e87bad3c948f4d605d) (ScriptedImporter) -> (artifact id: 'aedaf5c2c857c1fb1ad8186496bef50c') in 0.002709666 seconds
Number of updated asset objects reloaded before import = 0Number of asset objects unloaded after import = 1

========================================================================
Received Import Request.
  Time since last request: 0.000066 seconds.
  path: Assets/ProjectFiles_PickUpDropObjects/Assets/_/Base/BaseScripts/Characters/PlayerCharacterDashRoll_Base.cs
  artifactKey: Guid(c2996329fb285fb4698d76a7bf31e110) Importer(2089858483,b0f066a214c2f5e87bad3c948f4d605d)
Start importing Assets/ProjectFiles_PickUpDropObjects/Assets/_/Base/BaseScripts/Characters/PlayerCharacterDashRoll_Base.cs using Guid(c2996329fb285fb4698d76a7bf31e110) Importer(2089858483,b0f066a214c2f5e87bad3c948f4d605d) (ScriptedImporter) -> (artifact id: 'defa8de4c01b396c0dede042e089adfc') in 0.003016 seconds
Number of updated asset objects reloaded before import = 0Number of asset objects unloaded after import = 0

========================================================================
Received Import Request.
  Time since last request: 0.000037 seconds.
  path: Assets/ProjectFiles_PickUpDropObjects/Assets/_/Stuff/Shaders/ShaderGraph/Dissolve.shadergraph
  artifactKey: Guid(379c3c1858f32554db3a9409e8a321f9) Importer(2089858483,b0f066a214c2f5e87bad3c948f4d605d)
Start importing Assets/ProjectFiles_PickUpDropObjects/Assets/_/Stuff/Shaders/ShaderGraph/Dissolve.shadergraph using Guid(379c3c1858f32554db3a9409e8a321f9) Importer(2089858483,b0f066a214c2f5e87bad3c948f4d605d) (ScriptedImporter) -> (artifact id: '2d6f52b1253b8c9e092653b8d590f308') in 0.133843334 seconds
Number of updated asset objects reloaded before import = 0Number of asset objects unloaded after import = 3

========================================================================
Received Import Request.
  Time since last request: 0.000082 seconds.
  path: Assets/ProjectFiles_PickUpDropObjects/Assets/_/Stuff/V_Animation/Resources/AnimationData/_Default/Animations/dSpaceNinja/dSpaceNinja_ForcePullDownRight.bytes
  artifactKey: Guid(884a6bf36ba6ef04dba3c400f0f9183c) Importer(2089858483,b0f066a214c2f5e87bad3c948f4d605d)
Start importing Assets/ProjectFiles_PickUpDropObjects/Assets/_/Stuff/V_Animation/Resources/AnimationData/_Default/Animations/dSpaceNinja/dSpaceNinja_ForcePullDownRight.bytes using Guid(884a6bf36ba6ef04dba3c400f0f9183c) Importer(2089858483,b0f066a214c2f5e87bad3c948f4d605d) (ScriptedImporter) -> (artifact id: 'b5161f5e62a1c41a3d3d07ed5ed1ac77') in 0.004230375 seconds
Number of updated asset objects reloaded before import = 0Number of asset objects unloaded after import = 1

========================================================================
Received Import Request.
  Time since last request: 0.000038 seconds.
  path: Assets/ProjectFiles_PickUpDropObjects/Assets/_/Stuff/V_Animation/Resources/AnimationData/_Default/Animations/dDualDagger/dDualDagger_AttackDownLeft.bytes
  artifactKey: Guid(60aa6e569c8e1344f858e9c1edfa54f8) Importer(2089858483,b0f066a214c2f5e87bad3c948f4d605d)
Start importing Assets/ProjectFiles_PickUpDropObjects/Assets/_/Stuff/V_Animation/Resources/AnimationData/_Default/Animations/dDualDagger/dDualDagger_AttackDownLeft.bytes using Guid(60aa6e569c8e1344f858e9c1edfa54f8) Importer(2089858483,b0f066a214c2f5e87bad3c948f4d605d) (ScriptedImporter) -> (artifact id: 'a6f3b20a5a77d8f4d17e2dea6ed0d7b1') in 0.003159458 seconds
Number of updated asset objects reloaded before import = 0Number of asset objects unloaded after import = 1

========================================================================
Received Import Request.
  Time since last request: 0.000060 seconds.
  path: Assets/ProjectFiles_PickUpDropObjects/Assets/_/Stuff/V_Animation/Resources/AnimationData/_Default/Animations/dArrow/dArrow_WalkUp.bytes
  artifactKey: Guid(da6506cbd17e79749825dade5d04dc0d) Importer(2089858483,b0f066a214c2f5e87bad3c948f4d605d)
Start importing Assets/ProjectFiles_PickUpDropObjects/Assets/_/Stuff/V_Animation/Resources/AnimationData/_Default/Animations/dArrow/dArrow_WalkUp.bytes using Guid(da6506cbd17e79749825dade5d04dc0d) Importer(2089858483,b0f066a214c2f5e87bad3c948f4d605d) (ScriptedImporter) -> (artifact id: '1e232b4fc37f25acd9f59192a371a00c') in 0.003513666 seconds
Number of updated asset objects reloaded before import = 0Number of asset objects unloaded after import = 1

========================================================================
Received Import Request.
  Time since last request: 0.000049 seconds.
  path: Assets/ProjectFiles_PickUpDropObjects/Assets/_/Stuff/V_Animation/Resources/AnimationData/Animations/dSwordShield_BullRushStartupDownLeft.bytes
  artifactKey: Guid(f2cf7aa20930df0459d1dd8da33c0e88) Importer(2089858483,b0f066a214c2f5e87bad3c948f4d605d)
Start importing Assets/ProjectFiles_PickUpDropObjects/Assets/_/Stuff/V_Animation/Resources/AnimationData/Animations/dSwordShield_BullRushStartupDownLeft.bytes using Guid(f2cf7aa20930df0459d1dd8da33c0e88) Importer(2089858483,b0f066a214c2f5e87bad3c948f4d605d) (ScriptedImporter) -> (artifact id: 'b9b37c055e36a4975e0c9e7484a85e67') in 0.002934667 seconds
Number of updated asset objects reloaded before import = 0Number of asset objects unloaded after import = 1

========================================================================
Received Import Request.
  Time since last request: 0.000066 seconds.
  path: Assets/ProjectFiles_PickUpDropObjects/Assets/_/Stuff/Videos/BossBattle/Prefabs/pfEnemyCharger.prefab
  artifactKey: Guid(f5e6671cfbb36584dbbfebeb39a0fff2) Importer(2089858483,b0f066a214c2f5e87bad3c948f4d605d)
Start importing Assets/ProjectFiles_PickUpDropObjects/Assets/_/Stuff/Videos/BossBattle/Prefabs/pfEnemyCharger.prefab using Guid(f5e6671cfbb36584dbbfebeb39a0fff2) Importer(2089858483,b0f066a214c2f5e87bad3c948f4d605d) (ScriptedImporter) -> (artifact id: 'c2002f1545c85cce46458c52f56bf69a') in 0.051278417 seconds
Number of updated asset objects reloaded before import = 0Number of asset objects unloaded after import = 35

========================================================================
Received Import Request.
  Time since last request: 0.000064 seconds.
  path: Assets/ProjectFiles_PickUpDropObjects/Assets/_/Stuff/V_Animation/Resources/AnimationData/_Default/Animations/dMinion/dMinion_WalkUpLeft.bytes
  artifactKey: Guid(36a5c5a1ab7dc8e439ff92c8b07268f7) Importer(2089858483,b0f066a214c2f5e87bad3c948f4d605d)
Start importing Assets/ProjectFiles_PickUpDropObjects/Assets/_/Stuff/V_Animation/Resources/AnimationData/_Default/Animations/dMinion/dMinion_WalkUpLeft.bytes using Guid(36a5c5a1ab7dc8e439ff92c8b07268f7) Importer(2089858483,b0f066a214c2f5e87bad3c948f4d605d) (ScriptedImporter) -> (artifact id: '673f232aca202d9a9ea58a0360798884') in 0.005306834 seconds
Number of updated asset objects reloaded before import = 0Number of asset objects unloaded after import = 1

========================================================================
Received Import Request.
  Time since last request: 0.000043 seconds.
  path: Assets/ProjectFiles_PickUpDropObjects/Assets/_/Stuff/V_Animation/Resources/AnimationData/Animations/dBareHands_PunchQuickUpLeft.bytes
  artifactKey: Guid(75888a510d789b24f9e5985ad8da20d4) Importer(2089858483,b0f066a214c2f5e87bad3c948f4d605d)
Start importing Assets/ProjectFiles_PickUpDropObjects/Assets/_/Stuff/V_Animation/Resources/AnimationData/Animations/dBareHands_PunchQuickUpLeft.bytes using Guid(75888a510d789b24f9e5985ad8da20d4) Importer(2089858483,b0f066a214c2f5e87bad3c948f4d605d) (ScriptedImporter) -> (artifact id: '27a5424fa4d32e936068012350902dc1') in 0.004050083 seconds
Number of updated asset objects reloaded before import = 0Number of asset objects unloaded after import = 1

========================================================================
Received Import Request.
  Time since last request: 0.000072 seconds.
  path: Assets/ProjectFiles_PickUpDropObjects/Assets/_/Stuff/Shaders/ShaderGraph/Materials/OutlineColorsMaterial.mat
  artifactKey: Guid(235de43c1f08dd24b83bf8f555f4bf6c) Importer(2089858483,b0f066a214c2f5e87bad3c948f4d605d)
Start importing Assets/ProjectFiles_PickUpDropObjects/Assets/_/Stuff/Shaders/ShaderGraph/Materials/OutlineColorsMaterial.mat using Guid(235de43c1f08dd24b83bf8f555f4bf6c) Importer(2089858483,b0f066a214c2f5e87bad3c948f4d605d) (ScriptedImporter) -> (artifact id: 'a1a11e140ea7c18d6d8144920b848196') in 0.003856625 seconds
Number of updated asset objects reloaded before import = 0Number of asset objects unloaded after import = 2

========================================================================
Received Import Request.
  Time since last request: 0.000054 seconds.
  path: Assets/ProjectFiles_PickUpDropObjects/Assets/_/ThirdPersonController_Standalone/Textures
  artifactKey: Guid(02f5466876ce9854689961f9648dd8cb) Importer(2089858483,b0f066a214c2f5e87bad3c948f4d605d)
Start importing Assets/ProjectFiles_PickUpDropObjects/Assets/_/ThirdPersonController_Standalone/Textures using Guid(02f5466876ce9854689961f9648dd8cb) Importer(2089858483,b0f066a214c2f5e87bad3c948f4d605d) (ScriptedImporter) -> (artifact id: '126c2d6bd2fd38fac114fc205cbb470a') in 0.003732958 seconds
Number of updated asset objects reloaded before import = 0Number of asset objects unloaded after import = 1

========================================================================
Received Import Request.
  Time since last request: 0.000038 seconds.
  path: Assets/ProjectFiles_PickUpDropObjects/Assets/_/Stuff/Videos/CursorIcons/Prefabs/pfUnit.prefab
  artifactKey: Guid(9e90db19987b8a140a7aac55e1705c2c) Importer(2089858483,b0f066a214c2f5e87bad3c948f4d605d)
Start importing Assets/ProjectFiles_PickUpDropObjects/Assets/_/Stuff/Videos/CursorIcons/Prefabs/pfUnit.prefab using Guid(9e90db19987b8a140a7aac55e1705c2c) Importer(2089858483,b0f066a214c2f5e87bad3c948f4d605d) (ScriptedImporter) -> (artifact id: 'bcec2e2161a6135e4343b76995531a35') in 0.007123292 seconds
Number of updated asset objects reloaded before import = 0Number of asset objects unloaded after import = 24

========================================================================
Received Import Request.
  Time since last request: 0.000067 seconds.
  path: Assets/ProjectFiles_PickUpDropObjects/Assets/_/Stuff/Videos/CursorIcons/Prefabs
  artifactKey: Guid(d8aa51adface9574c9d2df4a63cda604) Importer(2089858483,b0f066a214c2f5e87bad3c948f4d605d)
Start importing Assets/ProjectFiles_PickUpDropObjects/Assets/_/Stuff/Videos/CursorIcons/Prefabs using Guid(d8aa51adface9574c9d2df4a63cda604) Importer(2089858483,b0f066a214c2f5e87bad3c948f4d605d) (ScriptedImporter) -> (artifact id: '6ccb469f87475df21008c86274d283af') in 0.006260625 seconds
Number of updated asset objects reloaded before import = 0Number of asset objects unloaded after import = 1

========================================================================
Received Import Request.
  Time since last request: 0.000074 seconds.
  path: Assets/ProjectFiles_PickUpDropObjects/Assets/_/Stuff/Videos/CharacterPortrait
  artifactKey: Guid(2ab1cb8da43034443a9a917ba4bd1cff) Importer(2089858483,b0f066a214c2f5e87bad3c948f4d605d)
Start importing Assets/ProjectFiles_PickUpDropObjects/Assets/_/Stuff/Videos/CharacterPortrait using Guid(2ab1cb8da43034443a9a917ba4bd1cff) Importer(2089858483,b0f066a214c2f5e87bad3c948f4d605d) (ScriptedImporter) -> (artifact id: '2842b9e2b913a3c5c3cbc77a82203b14') in 0.001857458 seconds
Number of updated asset objects reloaded before import = 0Number of asset objects unloaded after import = 1

========================================================================
Received Import Request.
  Time since last request: 0.000057 seconds.
  path: Assets/ProjectFiles_PickUpDropObjects/Assets/_/Stuff/Videos/DrawPixels/Scripts/LoadDynamicImage.cs
  artifactKey: Guid(efe960e3ab8db084f9723c52f709bdb5) Importer(2089858483,b0f066a214c2f5e87bad3c948f4d605d)
Start importing Assets/ProjectFiles_PickUpDropObjects/Assets/_/Stuff/Videos/DrawPixels/Scripts/LoadDynamicImage.cs using Guid(efe960e3ab8db084f9723c52f709bdb5) Importer(2089858483,b0f066a214c2f5e87bad3c948f4d605d) (ScriptedImporter) -> (artifact id: '39ca86e3f916f8025f86289321bec987') in 0.002088084 seconds
Number of updated asset objects reloaded before import = 0Number of asset objects unloaded after import = 0

========================================================================
Received Import Request.
  Time since last request: 0.000054 seconds.
  path: Assets/ProjectFiles_PickUpDropObjects/Assets/_/Stuff/Videos/Minimap/Scripts
  artifactKey: Guid(3b6a4e40cf11bca45b4e220291e3a5cc) Importer(2089858483,b0f066a214c2f5e87bad3c948f4d605d)
Start importing Assets/ProjectFiles_PickUpDropObjects/Assets/_/Stuff/Videos/Minimap/Scripts using Guid(3b6a4e40cf11bca45b4e220291e3a5cc) Importer(2089858483,b0f066a214c2f5e87bad3c948f4d605d) (ScriptedImporter) -> (artifact id: '652392298b5c24241aa4f5696cc244cc') in 0.00203125 seconds
Number of updated asset objects reloaded before import = 0Number of asset objects unloaded after import = 1

========================================================================
Received Import Request.
  Time since last request: 0.000039 seconds.
  path: Assets/ProjectFiles_PickUpDropObjects/Assets/_/Stuff/Videos/MeshMaskUI/MaskMeshDone/MaskMeshUIDone.cs
  artifactKey: Guid(27cc8b2ea2f805c488c938fb39406df9) Importer(2089858483,b0f066a214c2f5e87bad3c948f4d605d)
Start importing Assets/ProjectFiles_PickUpDropObjects/Assets/_/Stuff/Videos/MeshMaskUI/MaskMeshDone/MaskMeshUIDone.cs using Guid(27cc8b2ea2f805c488c938fb39406df9) Importer(2089858483,b0f066a214c2f5e87bad3c948f4d605d) (ScriptedImporter) -> (artifact id: 'f624be32b429e4066e3e7f6ba5d57a82') in 0.003449125 seconds
Number of updated asset objects reloaded before import = 0Number of asset objects unloaded after import = 0

========================================================================
Received Import Request.
  Time since last request: 0.000064 seconds.
  path: Assets/ProjectFiles_PickUpDropObjects/Assets/_/Stuff/V_Animation/Resources/AnimationData/Animations/KunaiStabUpRight.bytes
  artifactKey: Guid(a8bff2eddc350ec48a700ce2fd52773c) Importer(2089858483,b0f066a214c2f5e87bad3c948f4d605d)
Start importing Assets/ProjectFiles_PickUpDropObjects/Assets/_/Stuff/V_Animation/Resources/AnimationData/Animations/KunaiStabUpRight.bytes using Guid(a8bff2eddc350ec48a700ce2fd52773c) Importer(2089858483,b0f066a214c2f5e87bad3c948f4d605d) (ScriptedImporter) -> (artifact id: 'fa1788a8e902f16e590da6fc0bf7b629') in 0.002189042 seconds
Number of updated asset objects reloaded before import = 0Number of asset objects unloaded after import = 1

========================================================================
Received Import Request.
  Time since last request: 0.000037 seconds.
  path: Assets/ProjectFiles_PickUpDropObjects/Assets/_/Stuff/Videos/LevelingSystem/pfLevelUpParticleEffect.prefab
  artifactKey: Guid(353455f1ddbf9364f9b49f20cb126839) Importer(2089858483,b0f066a214c2f5e87bad3c948f4d605d)
Start importing Assets/ProjectFiles_PickUpDropObjects/Assets/_/Stuff/Videos/LevelingSystem/pfLevelUpParticleEffect.prefab using Guid(353455f1ddbf9364f9b49f20cb126839) Importer(2089858483,b0f066a214c2f5e87bad3c948f4d605d) (ScriptedImporter) -> (artifact id: '356e2a19b7a5847c65e1a85ab57f0fc9') in 0.016351875 seconds
Number of updated asset objects reloaded before import = 0Number of asset objects unloaded after import = 16

========================================================================
Received Import Request.
  Time since last request: 0.000041 seconds.
  path: Assets/ProjectFiles_PickUpDropObjects/Assets/_/Stuff/Videos/CarDriverAI/Scripts/CarAITargetMouse.cs
  artifactKey: Guid(92bdbbf5b017f0e4bb1b97858a16dcdb) Importer(2089858483,b0f066a214c2f5e87bad3c948f4d605d)
Start importing Assets/ProjectFiles_PickUpDropObjects/Assets/_/Stuff/Videos/CarDriverAI/Scripts/CarAITargetMouse.cs using Guid(92bdbbf5b017f0e4bb1b97858a16dcdb) Importer(2089858483,b0f066a214c2f5e87bad3c948f4d605d) (ScriptedImporter) -> (artifact id: '7882f20c28856b4da40bc7633f6281ba') in 0.0020595 seconds
Number of updated asset objects reloaded before import = 0Number of asset objects unloaded after import = 0

========================================================================
Received Import Request.
  Time since last request: 0.000039 seconds.
  path: Assets/ProjectFiles_PickUpDropObjects/Assets/_/Stuff/V_Animation/Resources/AnimationData/_Default/Animations/dOgre/dOgre_WalkUp.bytes
  artifactKey: Guid(c403c486f254a964d87a6cf73e6d989f) Importer(2089858483,b0f066a214c2f5e87bad3c948f4d605d)
Start importing Assets/ProjectFiles_PickUpDropObjects/Assets/_/Stuff/V_Animation/Resources/AnimationData/_Default/Animations/dOgre/dOgre_WalkUp.bytes using Guid(c403c486f254a964d87a6cf73e6d989f) Importer(2089858483,b0f066a214c2f5e87bad3c948f4d605d) (ScriptedImporter) -> (artifact id: '226199efcc4c90479b02a0d5b34e8004') in 0.004111042 seconds
Number of updated asset objects reloaded before import = 0Number of asset objects unloaded after import = 1

========================================================================
Received Import Request.
  Time since last request: 0.000054 seconds.
  path: Assets/ProjectFiles_PickUpDropObjects/Assets/CodeMonkeyFree/CodeMonkey/Utils/Button_UI.cs
  artifactKey: Guid(602f74cbbbd80034b96f88091a8e7c1d) Importer(2089858483,b0f066a214c2f5e87bad3c948f4d605d)
Start importing Assets/ProjectFiles_PickUpDropObjects/Assets/CodeMonkeyFree/CodeMonkey/Utils/Button_UI.cs using Guid(602f74cbbbd80034b96f88091a8e7c1d) Importer(2089858483,b0f066a214c2f5e87bad3c948f4d605d) (ScriptedImporter) -> (artifact id: 'a937879d0e4c719bc04510d399557f18') in 0.00319175 seconds
Number of updated asset objects reloaded before import = 0Number of asset objects unloaded after import = 0

========================================================================
Received Import Request.
  Time since last request: 0.000064 seconds.
  path: Assets/ProjectFiles_PickUpDropObjects/Assets/_/Stuff/GridPathfinding/UnitMovement.cs
  artifactKey: Guid(03713955d0461ad42b52e37c7c714135) Importer(2089858483,b0f066a214c2f5e87bad3c948f4d605d)
Start importing Assets/ProjectFiles_PickUpDropObjects/Assets/_/Stuff/GridPathfinding/UnitMovement.cs using Guid(03713955d0461ad42b52e37c7c714135) Importer(2089858483,b0f066a214c2f5e87bad3c948f4d605d) (ScriptedImporter) -> (artifact id: '6ca5ce68490519944645a2838b8c2bd8') in 0.004228375 seconds
Number of updated asset objects reloaded before import = 0Number of asset objects unloaded after import = 0

========================================================================
Received Import Request.
  Time since last request: 0.000051 seconds.
  path: Assets/ProjectFiles_PickUpDropObjects/Assets/_/Stuff/V_Animation/Resources/AnimationData/_Default/Animations/dArrow/dArrow_AttackUpRight.bytes
  artifactKey: Guid(eb6a0e42633cb6d459734a7832044589) Importer(2089858483,b0f066a214c2f5e87bad3c948f4d605d)
Start importing Assets/ProjectFiles_PickUpDropObjects/Assets/_/Stuff/V_Animation/Resources/AnimationData/_Default/Animations/dArrow/dArrow_AttackUpRight.bytes using Guid(eb6a0e42633cb6d459734a7832044589) Importer(2089858483,b0f066a214c2f5e87bad3c948f4d605d) (ScriptedImporter) -> (artifact id: '6002864143dd25e3a90fe4310c2a1d31') in 0.003457458 seconds
Number of updated asset objects reloaded before import = 0Number of asset objects unloaded after import = 1

========================================================================
Received Import Request.
  Time since last request: 0.000061 seconds.
  path: Assets/ProjectFiles_PickUpDropObjects/Assets/_/Stuff/V_Animation/Resources/AnimationData/_Default/Animations/dSwordTwoHandedBack/dSwordTwoHandedBack_SwordLeft2.bytes
  artifactKey: Guid(16452b22b6a23d54393f15300f564acd) Importer(2089858483,b0f066a214c2f5e87bad3c948f4d605d)
Start importing Assets/ProjectFiles_PickUpDropObjects/Assets/_/Stuff/V_Animation/Resources/AnimationData/_Default/Animations/dSwordTwoHandedBack/dSwordTwoHandedBack_SwordLeft2.bytes using Guid(16452b22b6a23d54393f15300f564acd) Importer(2089858483,b0f066a214c2f5e87bad3c948f4d605d) (ScriptedImporter) -> (artifact id: 'e7dccc2330d9cca26ab6acaaa3a11ca7') in 0.004566292 seconds
Number of updated asset objects reloaded before import = 0Number of asset objects unloaded after import = 1

========================================================================
Received Import Request.
  Time since last request: 0.000252 seconds.
  path: Assets/ProjectFiles_PickUpDropObjects/Assets/_/Stuff/Videos/CraftingSystemSO/Scripts/IItemHolder.cs
  artifactKey: Guid(4025e588f504752429e3bfa8dfe3eef5) Importer(2089858483,b0f066a214c2f5e87bad3c948f4d605d)
Start importing Assets/ProjectFiles_PickUpDropObjects/Assets/_/Stuff/Videos/CraftingSystemSO/Scripts/IItemHolder.cs using Guid(4025e588f504752429e3bfa8dfe3eef5) Importer(2089858483,b0f066a214c2f5e87bad3c948f4d605d) (ScriptedImporter) -> (artifact id: '2076a1552262838ecf6fe90b6780d36b') in 0.002036459 seconds
Number of updated asset objects reloaded before import = 0Number of asset objects unloaded after import = 0

========================================================================
Received Import Request.
  Time since last request: 0.000108 seconds.
  path: Assets/ProjectFiles_PickUpDropObjects/Assets/_/Stuff/V_Animation/Resources/AnimationData/Animations/dSwordShield_AttackQuickSlashUp.bytes
  artifactKey: Guid(37659f6af981c7e478a7fbcf5a8fbc0a) Importer(2089858483,b0f066a214c2f5e87bad3c948f4d605d)
Start importing Assets/ProjectFiles_PickUpDropObjects/Assets/_/Stuff/V_Animation/Resources/AnimationData/Animations/dSwordShield_AttackQuickSlashUp.bytes using Guid(37659f6af981c7e478a7fbcf5a8fbc0a) Importer(2089858483,b0f066a214c2f5e87bad3c948f4d605d) (ScriptedImporter) -> (artifact id: '7314c1b5f9e6fc9a91556e7629768989') in 0.004043958 seconds
Number of updated asset objects reloaded before import = 0Number of asset objects unloaded after import = 1

