Unity Editor version:    6000.3.3f1 (ef04196de0d6)
Branch:                  6000.3/staging
Build type:              Release
Batch mode:              YES
macOS version:           Version 26.3 (Build 25D125)
Darwin version:          25.3.0
Architecture:            arm64
Running under Rosetta:   NO
Available memory:        8192 MB
Date:                    2026-03-05T06:10:20Z
[Licensing::Module] Trying to connect to existing licensing client channel...
[Licensing::IpcConnector] Successfully connected to: "LicenseClient-anugrahshetty" at "2026-03-05T06:10:20.994824Z"

COMMAND LINE ARGUMENTS:
/Volumes/NVME/Unity/6000.3.3f1/Unity.app/Contents/MacOS/Unity
-adb2
-batchMode
-noUpm
-name
AssetImportWorker0
-projectPath
/Volumes/NVME/Unity Projects/Octo
-logFile
Logs/AssetImportWorker0.log
-srvPort
52114
-licensingIpc
LicenseClient-anugrahshetty
-job-worker-count
3
-background-job-worker-count
8
-gc-helper-count
1
-name AssetImport
Successfully changed project path to: /Volumes/NVME/Unity Projects/Octo
/Volumes/NVME/Unity Projects/Octo
[UnityMemory] Configuration Parameters - Can be set up in boot.config
    "memorysetup-allocator-temp-initial-block-size-main=262144"
    "memorysetup-allocator-temp-initial-block-size-worker=262144"
    "memorysetup-temp-allocator-size-background-worker=32768"
    "memorysetup-temp-allocator-size-job-worker=262144"
    "memorysetup-temp-allocator-size-preload-manager=33554432"
    "memorysetup-temp-allocator-size-nav-mesh-worker=65536"
    "memorysetup-temp-allocator-size-audio-worker=65536"
    "memorysetup-temp-allocator-size-cloud-worker=32768"
    "memorysetup-bucket-allocator-granularity=16"
    "memorysetup-bucket-allocator-bucket-count=8"
    "memorysetup-bucket-allocator-block-size=33554432"
    "memorysetup-bucket-allocator-block-count=8"
    "memorysetup-main-allocator-block-size=16777216"
    "memorysetup-thread-allocator-block-size=16777216"
    "memorysetup-gfx-main-allocator-block-size=16777216"
    "memorysetup-gfx-thread-allocator-block-size=16777216"
    "memorysetup-cache-allocator-block-size=4194304"
    "memorysetup-typetree-allocator-block-size=2097152"
    "memorysetup-profiler-bucket-allocator-granularity=16"
    "memorysetup-profiler-bucket-allocator-bucket-count=8"
    "memorysetup-profiler-bucket-allocator-block-size=33554432"
    "memorysetup-profiler-bucket-allocator-block-count=8"
    "memorysetup-profiler-allocator-block-size=16777216"
    "memorysetup-profiler-editor-allocator-block-size=1048576"
    "memorysetup-temp-allocator-size-main=16777216"
    "memorysetup-job-temp-allocator-block-size=2097152"
    "memorysetup-job-temp-allocator-block-size-background=1048576"
    "memorysetup-job-temp-allocator-reduction-small-platforms=262144"
    "memorysetup-temp-allocator-size-gi-baking-worker=262144"
    "memorysetup-temp-allocator-size-gi-baking-worker=262144"
    "memorysetup-temp-allocator-size-gi-baking-worker=262144"
    "memorysetup-temp-allocator-size-gi-baking-worker=262144"
    "memorysetup-temp-allocator-size-gi-baking-worker=262144"
    "memorysetup-temp-allocator-size-gfx=262144"
Player connection [8782983296]  Target information:

Player connection [8782983296]  * "[IP] 10.125.160.52 [Port] 0 [Flags] 2 [Guid] 2632916113 [EditorId] 2632916113 [Version] 1048832 [Id] OSXEditor(0,Anugrahs-MacBook-Air.local) [Debug] 1 [PackageName] OSXEditor [ProjectName] Editor" 

Player connection [8782983296] Host joined multi-casting on [225.0.0.222:54997]...
Player connection [8782983296] Host joined alternative multi-casting on [225.0.0.222:34997]...
JobSystem: Creating JobQueue using job-worker-count value 3
Input System module state changed to: Initialized.
[Physics::Module] Initialized fallback backend.
[Physics::Module] Id: 0xdecafbad
Library Redirect Path: Library/
[Physics::Module] Selected backend.
[Physics::Module] Name: PhysX
[Physics::Module] Id: 0xf2b8ea05
[Physics::Module] SDK Version: 4.1.2
[Physics::Module] Integration Version: 1.0.0
[Physics::Module] Threading Mode: Multi-Threaded
Refreshing native plugins compatible for Editor in 11.97 ms, found 3 plugins.
Preloading 0 native plugins for Editor in 0.00 ms.
Initialize engine version: 6000.3.3f1 (ef04196de0d6)
[Subsystems] Discovering subsystems at path /Volumes/NVME/Unity/6000.3.3f1/Unity.app/Contents/Resources/UnitySubsystems
[Subsystems] Discovering subsystems at path /Volumes/NVME/Unity Projects/Octo/Assets
GfxDevice: creating device client; kGfxThreadingModeNonThreaded
 preferred device: Apple M2 (high power)
Metal devices available: 1
0: Apple M2 (high power)
Using device Apple M2 (high power)
Initializing Metal device caps: Apple M2
Mac GPU Family: 2
Apple GPU Family: 8
MSL Version: 3.0
Has Float MSAA: 1
Has Float Filtering: 1
ReadWrite Texture Tier: 2
[Licensing::Client] Handshaking with LicensingClient:
  Version:                 1.17.4+4293ba1
  Session Id:              9dcb11e77cce41ac9e4c4ed5e00c8aed
  Correlation Id:          29faf1473fda30318ab3eda804792056
  External correlation Id: 5972943271785717544
  Machine Id:              2ZISDWbxTogEAx/P3haFV9/QxY0=
[Licensing::Module] Successfully connected to LicensingClient on channel: "LicenseClient-anugrahshetty" (connect: 0.00s, validation: 0.00s, handshake: 0.84s)
[Licensing::IpcConnector] Successfully connected to: "LicenseClient-anugrahshetty-notifications" at "2026-03-05T06:10:21.834992Z"
[Licensing::Module] Licensing Background thread has ended after 0.84s
Initialize mono
Mono path[0] = '/Volumes/NVME/Unity/6000.3.3f1/Unity.app/Contents/Resources/Scripting/Managed'
Mono path[1] = '/Volumes/NVME/Unity/6000.3.3f1/Unity.app/Contents/Resources/Scripting/MonoBleedingEdge/lib/mono/unityjit-macos'
Mono config path = '/Volumes/NVME/Unity/6000.3.3f1/Unity.app/Contents/Resources/Scripting/MonoBleedingEdge/etc'
Using monoOptions --debugger-agent=transport=dt_socket,embedding=1,server=y,suspend=n,address=127.0.0.1:56403
Begin MonoManager ReloadAssembly
Registering precompiled unity dll's ...
Register platform support module: /Volumes/NVME/Unity/6000.3.3f1/Unity.app/Contents/PlaybackEngines/MacStandaloneSupport/UnityEditor.OSXStandalone.Extensions.dll
Registered in 0.001445 seconds.
- Loaded All Assemblies, in  0.414 seconds
Native extension for OSXStandalone target not found
Mono: successfully reloaded assembly
- Finished resetting the current domain, in  0.361 seconds
Domain Reload Profiling: 775ms
	BeginReloadAssembly (177ms)
		ExecutionOrderSort (0ms)
		DisableScriptedObjects (0ms)
		BackupInstance (0ms)
		ReleaseScriptingObjects (0ms)
		CreateAndSetChildDomain (1ms)
	RebuildCommonClasses (35ms)
	RebuildNativeTypeToScriptingClass (10ms)
	initialDomainReloadingComplete (37ms)
	LoadAllAssembliesAndSetupDomain (155ms)
		LoadAssemblies (177ms)
		RebuildTransferFunctionScriptingTraits (0ms)
		AnalyzeDomain (149ms)
			TypeCache.Refresh (148ms)
				TypeCache.ScanAssembly (131ms)
			BuildScriptInfoCaches (0ms)
			ResolveRequiredComponents (0ms)
	FinalizeReload (361ms)
		ReleaseScriptCaches (0ms)
		RebuildScriptCaches (0ms)
		SetupLoadedEditorAssemblies (319ms)
			LogAssemblyErrors (0ms)
			InitializePlatformSupportModulesInManaged (32ms)
			SetLoadedEditorAssemblies (4ms)
			BeforeProcessingInitializeOnLoad (73ms)
			ProcessInitializeOnLoadAttributes (134ms)
			ProcessInitializeOnLoadMethodAttributes (76ms)
			AfterProcessingInitializeOnLoad (0ms)
			EditorAssembliesLoaded (0ms)
		ExecutionOrderSort2 (0ms)
		AwakeInstancesAfterBackupRestoration (0ms)
[CoreBusinessMetrics] Unexpected thread when updating session info.
========================================================================
Worker process is ready to serve import requests
Import Worker Mode flag is 0x00
Begin MonoManager ReloadAssembly
[Licensing::Client] Successfully resolved entitlement details
[Licensing::Module] License group:
  Id: 13469192992208-UnityPersXXXX
  Product: Unity Personal
  Type: Assigned
  Expiration: Unlimited
- Loaded All Assemblies, in  0.700 seconds
Refreshing native plugins compatible for Editor in 0.46 ms, found 3 plugins.
Native extension for OSXStandalone target not found
System.Net.Sockets.SocketException (0x80004005): Address already in use
  at System.Net.Sockets.Socket.Bind (System.Net.EndPoint localEP) [0x00043] in <6c5ac471d4e94f0fb88aec041d27c600>:0 
  at System.Net.EndPointListener..ctor (System.Net.HttpListener listener, System.Net.IPAddress addr, System.Int32 port, System.Boolean secure) [0x00047] in <6c5ac471d4e94f0fb88aec041d27c600>:0 
  at System.Net.EndPointManager.GetEPListener (System.String host, System.Int32 port, System.Net.HttpListener listener, System.Boolean secure) [0x0009d] in <6c5ac471d4e94f0fb88aec041d27c600>:0 
  at System.Net.EndPointManager.AddPrefixInternal (System.String p, System.Net.HttpListener listener) [0x0005e] in <6c5ac471d4e94f0fb88aec041d27c600>:0 
  at System.Net.EndPointManager.AddPrefix (System.String prefix, System.Net.HttpListener listener) [0x00010] in <6c5ac471d4e94f0fb88aec041d27c600>:0 
  at System.Net.HttpListenerPrefixCollection.Add (System.String uriPrefix) [0x00039] in <6c5ac471d4e94f0fb88aec041d27c600>:0 
  at NDream.AirConsole.Editor.WebListener.Start () [0x0005d] in /Volumes/NVME/Unity Projects/Octo/Assets/AirConsole/scripts/editor/WebListener.cs:35 
  at NDream.AirConsole.Editor.Extentions..cctor () [0x00016] in /Volumes/NVME/Unity Projects/Octo/Assets/AirConsole/scripts/editor/Extentions.cs:24 
UnityEngine.Debug:ExtractStackTraceNoAlloc (byte*,int,string)
UnityEngine.StackTraceUtility:ExtractStackTrace () (at /Users/bokken/build/output/unity/unity/Runtime/Export/Scripting/StackTrace.cs:35)
UnityEngine.DebugLogHandler:Internal_Log (UnityEngine.LogType,UnityEngine.LogOption,string,UnityEngine.Object)
UnityEngine.DebugLogHandler:LogFormat (UnityEngine.LogType,UnityEngine.Object,string,object[])
UnityEngine.Logger:Log (UnityEngine.LogType,object)
UnityEngine.Debug:LogError (object)
UnityEditor.EditorAssemblies:ProcessInitializeOnLoadAttributes (System.Type[]) (at /Users/bokken/build/output/unity/unity/Editor/Mono/EditorAssemblies.cs:132)

(Filename: /Users/bokken/build/output/unity/unity/Editor/Mono/EditorAssemblies.cs Line: 132)

[MODES] ModeService[none].Initialize
[MODES] ModeService[none].LoadModes
[MODES] Loading mode Default (0) for mode-current-id-Octo
Package Manager log level set to [2]
[Package Manager] Failed to launch server process. Reason: Unity was launched with the -noUpm command-line argument
[Package Manager] Unable to send message (not connected to server process).
[Package Manager] Cannot connect to Unity Package Manager local server
Mono: successfully reloaded assembly
- Finished resetting the current domain, in  0.794 seconds
Domain Reload Profiling: 1494ms
	BeginReloadAssembly (110ms)
		ExecutionOrderSort (0ms)
		DisableScriptedObjects (3ms)
		BackupInstance (0ms)
		ReleaseScriptingObjects (0ms)
		CreateAndSetChildDomain (22ms)
	RebuildCommonClasses (27ms)
	RebuildNativeTypeToScriptingClass (10ms)
	initialDomainReloadingComplete (22ms)
	LoadAllAssembliesAndSetupDomain (531ms)
		LoadAssemblies (363ms)
		RebuildTransferFunctionScriptingTraits (0ms)
		AnalyzeDomain (215ms)
			TypeCache.Refresh (165ms)
				TypeCache.ScanAssembly (146ms)
			BuildScriptInfoCaches (40ms)
			ResolveRequiredComponents (7ms)
	FinalizeReload (794ms)
		ReleaseScriptCaches (0ms)
		RebuildScriptCaches (0ms)
		SetupLoadedEditorAssemblies (598ms)
			LogAssemblyErrors (0ms)
			InitializePlatformSupportModulesInManaged (1ms)
			SetLoadedEditorAssemblies (3ms)
			BeforeProcessingInitializeOnLoad (116ms)
			ProcessInitializeOnLoadAttributes (437ms)
			ProcessInitializeOnLoadMethodAttributes (40ms)
			AfterProcessingInitializeOnLoad (1ms)
			EditorAssembliesLoaded (0ms)
		ExecutionOrderSort2 (0ms)
		AwakeInstancesAfterBackupRestoration (2ms)
WARNING: Shader Unsupported: 'Universal Render Pipeline/VR/SpatialMapping/Wireframe' - All subshaders removed
WARNING: Shader Did you use #pragma only_renderers and omit this platform?
WARNING: Shader If subshaders removal was intentional, you may have forgotten turning Fallback off?
WARNING: Shader Unsupported: 'Universal Render Pipeline/VR/SpatialMapping/Wireframe' - All subshaders removed
WARNING: Shader Did you use #pragma only_renderers and omit this platform?
WARNING: Shader If subshaders removal was intentional, you may have forgotten turning Fallback off?
Launching external process: /Volumes/NVME/Unity/6000.3.3f1/Unity.app/Contents/Helpers/UnityShaderCompiler
Launched and connected shader compiler UnityShaderCompiler after 0.08 seconds
Refreshing native plugins compatible for Editor in 0.52 ms, found 3 plugins.
Preloading 0 native plugins for Editor in 0.00 ms.
Unloading 17 Unused Serialized files (Serialized files now loaded: 0)
Unloading 6345 unused Assets / (3.5 MB). Loaded Objects now: 7140.
Memory consumption went from 139.7 MB to 136.3 MB.
Total: 18.882875 ms (FindLiveObjects: 5.344917 ms CreateObjectMapping: 1.096750 ms MarkObjects: 10.097166 ms  DeleteObjects: 2.343834 ms)

========================================================================
Received Import Request.
  Time since last request: 7248.523392 seconds.
  path: Assets/DavePixel/PirateCoin/Prefabs/PirateCoin (Silver).prefab
  artifactKey: Guid(0f50703abc621e54f948ddc5bb146f25) Importer(815301076,1909f56bfc062723c751e8b465ee728b)
Start importing Assets/DavePixel/PirateCoin/Prefabs/PirateCoin (Silver).prefab using Guid(0f50703abc621e54f948ddc5bb146f25) Importer(815301076,1909f56bfc062723c751e8b465ee728b) (PreviewImporter) -> (artifact id: 'e9399343b3cd98c357b00e71a8e8a6f2') in 0.345065208 seconds
Number of updated asset objects reloaded before import = 0Number of asset objects unloaded after import = 12

========================================================================
Received Import Request.
  Time since last request: 0.000065 seconds.
  path: Assets/DavePixel/PirateCoin/Prefabs/PirateCoin.prefab
  artifactKey: Guid(3e29573f06c0a7e4fa986fff41de17af) Importer(815301076,1909f56bfc062723c751e8b465ee728b)
Start importing Assets/DavePixel/PirateCoin/Prefabs/PirateCoin.prefab using Guid(3e29573f06c0a7e4fa986fff41de17af) Importer(815301076,1909f56bfc062723c751e8b465ee728b) (PreviewImporter) -> (artifact id: '4821b23740cf4f280f1f24fb3fb3db6d') in 0.018279958 seconds
Number of updated asset objects reloaded before import = 0Number of asset objects unloaded after import = 17

========================================================================
Received Import Request.
  Time since last request: 20.316857 seconds.
  path: Assets/DavePixel/PirateCoin/Textures/Brass/Coin_Low_lambert1_BaseColor.png
  artifactKey: Guid(f10e871c7d6aa5a4db07efaf3aa259cc) Importer(815301076,1909f56bfc062723c751e8b465ee728b)
Start importing Assets/DavePixel/PirateCoin/Textures/Brass/Coin_Low_lambert1_BaseColor.png using Guid(f10e871c7d6aa5a4db07efaf3aa259cc) Importer(815301076,1909f56bfc062723c751e8b465ee728b) (PreviewImporter) -> (artifact id: '63b4a391c1c87f3c346cb384a820d922') in 0.030446958 seconds
Number of updated asset objects reloaded before import = 0Number of asset objects unloaded after import = 2

========================================================================
Received Import Request.
  Time since last request: 3.432450 seconds.
  path: Assets/DavePixel/PirateCoin/Textures/Brass/Materials
  artifactKey: Guid(bd380581b767c42d4bfc3ccf1f459470) Importer(2089858483,b0f066a214c2f5e87bad3c948f4d605d)
Start importing Assets/DavePixel/PirateCoin/Textures/Brass/Materials using Guid(bd380581b767c42d4bfc3ccf1f459470) Importer(2089858483,b0f066a214c2f5e87bad3c948f4d605d) (ScriptedImporter) -> (artifact id: '309ef332be931d837f82408da3f64fc5') in 0.040190042 seconds
Number of updated asset objects reloaded before import = 0Number of asset objects unloaded after import = 1

========================================================================
Received Import Request.
  Time since last request: 0.000088 seconds.
  path: Assets/DavePixel/PirateCoin/Textures/Brass/Materials/Coin_Low_lambert1_Metallic.mat
  artifactKey: Guid(5832a5a498dc84d93a08065ed62001b4) Importer(2089858483,b0f066a214c2f5e87bad3c948f4d605d)
Start importing Assets/DavePixel/PirateCoin/Textures/Brass/Materials/Coin_Low_lambert1_Metallic.mat using Guid(5832a5a498dc84d93a08065ed62001b4) Importer(2089858483,b0f066a214c2f5e87bad3c948f4d605d) (ScriptedImporter) -> (artifact id: '34af33aec67486112b71d834978424dd') in 0.051581625 seconds
Number of updated asset objects reloaded before import = 0Number of asset objects unloaded after import = 2

========================================================================
Received Import Request.
  Time since last request: 0.000079 seconds.
  path: Assets/DavePixel/PirateCoin/Textures/Brass/Materials/Coin_Low_lambert1_Height.mat
  artifactKey: Guid(243e1dcc6b5b44441abc825a1ea44d51) Importer(2089858483,b0f066a214c2f5e87bad3c948f4d605d)
Start importing Assets/DavePixel/PirateCoin/Textures/Brass/Materials/Coin_Low_lambert1_Height.mat using Guid(243e1dcc6b5b44441abc825a1ea44d51) Importer(2089858483,b0f066a214c2f5e87bad3c948f4d605d) (ScriptedImporter) -> (artifact id: '9d417a363bbf75897db7eebb0c0737a9') in 0.003225417 seconds
Number of updated asset objects reloaded before import = 0Number of asset objects unloaded after import = 2

========================================================================
Received Import Request.
  Time since last request: 1490.205397 seconds.
  path: Assets/DavePixel/PirateCoin/Textures/Brass/Materials/Coin_Low_lambert1_BaseColor.mat
  artifactKey: Guid(fe9297d974ac54e74908f425657e8682) Importer(2089858483,b0f066a214c2f5e87bad3c948f4d605d)
Start importing Assets/DavePixel/PirateCoin/Textures/Brass/Materials/Coin_Low_lambert1_BaseColor.mat using Guid(fe9297d974ac54e74908f425657e8682) Importer(2089858483,b0f066a214c2f5e87bad3c948f4d605d) (ScriptedImporter) -> (artifact id: '17629cec3f98fccdcde1837f49488f6b') in 0.082477333 seconds
Number of updated asset objects reloaded before import = 0Number of asset objects unloaded after import = 5

========================================================================
Received Import Request.
  Time since last request: 70.266480 seconds.
  path: Assets/InputSystem_Actions.inputactions
  artifactKey: Guid(052faaac586de48259a63d0c4782560b) Importer(2089858483,b0f066a214c2f5e87bad3c948f4d605d)
Start importing Assets/InputSystem_Actions.inputactions using Guid(052faaac586de48259a63d0c4782560b) Importer(2089858483,b0f066a214c2f5e87bad3c948f4d605d) (ScriptedImporter) -> (artifact id: '54726ad34ad9a0d80f6426ba0a54ff1c') in 0.219677583 seconds
Number of updated asset objects reloaded before import = 0Number of asset objects unloaded after import = 22

========================================================================
Received Import Request.
  Time since last request: 0.001492 seconds.
  path: Assets/DavePixel/PirateCoin/Demo/Demo.unity
  artifactKey: Guid(d520748ca2067ff40aa028979f26368b) Importer(2089858483,e11c23a36db5f54750b8cd40eac0985b)
Start importing Assets/DavePixel/PirateCoin/Demo/Demo.unity using Guid(d520748ca2067ff40aa028979f26368b) Importer(2089858483,e11c23a36db5f54750b8cd40eac0985b) (ScriptedImporter)Opening scene 'Assets/DavePixel/PirateCoin/Demo/Demo.unity additively'
LightingSettings: switching bake backend from 2 to 1.
Loaded scene 'Assets/DavePixel/PirateCoin/Demo/Demo.unity'
	Deserialize:            4.414 ms
	Integration:            19.060 ms
	Integration of assets:  0.002 ms
	Thread Wait Time:       0.055 ms
	Total Operation Time:   23.531 ms
 -> (artifact id: 'e592d7f87b5dc8623d73174da70f4153') in 0.103355875 seconds
Number of updated asset objects reloaded before import = 0Number of asset objects unloaded after import = 39

========================================================================
Received Import Request.
  Time since last request: 0.000043 seconds.
  path: Assets/_Recovery/0 (2).unity
  artifactKey: Guid(d0c7cc32dc5324d218efdfb81ae001aa) Importer(2089858483,e11c23a36db5f54750b8cd40eac0985b)
Start importing Assets/_Recovery/0 (2).unity using Guid(d0c7cc32dc5324d218efdfb81ae001aa) Importer(2089858483,e11c23a36db5f54750b8cd40eac0985b) (ScriptedImporter)Opening scene 'Assets/_Recovery/0 (2).unity additively'
Loaded scene 'Assets/_Recovery/0 (2).unity'
	Deserialize:            8.946 ms
	Integration:            24.456 ms
	Integration of assets:  0.028 ms
	Thread Wait Time:       -0.008 ms
	Total Operation Time:   33.421 ms
 -> (artifact id: '1c554b99e5e84d22a04daa4d50528350') in 0.096632541 seconds
Number of updated asset objects reloaded before import = 0Number of asset objects unloaded after import = 140

========================================================================
Received Import Request.
  Time since last request: 0.000097 seconds.
  path: Assets/AirConsole/examples/game-states/controller-game-states.html
  artifactKey: Guid(c4a33a98dbad440d98fc8f9e7062d62c) Importer(2089858483,b0f066a214c2f5e87bad3c948f4d605d)
Start importing Assets/AirConsole/examples/game-states/controller-game-states.html using Guid(c4a33a98dbad440d98fc8f9e7062d62c) Importer(2089858483,b0f066a214c2f5e87bad3c948f4d605d) (ScriptedImporter) -> (artifact id: 'ebe1771b6fb8f3d845a29ab5951894ef') in 0.002217583 seconds
Number of updated asset objects reloaded before import = 0Number of asset objects unloaded after import = 1

========================================================================
Received Import Request.
  Time since last request: 0.000043 seconds.
  path: Assets/AirConsole/resources/Art/Materials/Cube1.mat
  artifactKey: Guid(ad18e7b002c5a46d18e5450b8b45bbf1) Importer(2089858483,b0f066a214c2f5e87bad3c948f4d605d)
Start importing Assets/AirConsole/resources/Art/Materials/Cube1.mat using Guid(ad18e7b002c5a46d18e5450b8b45bbf1) Importer(2089858483,b0f066a214c2f5e87bad3c948f4d605d) (ScriptedImporter) -> (artifact id: 'db3a15b3d64ff79f59cde0369c2da544') in 0.0042325 seconds
Number of updated asset objects reloaded before import = 0Number of asset objects unloaded after import = 1

========================================================================
Received Import Request.
  Time since last request: 0.000051 seconds.
  path: Assets/AirConsole/resources/android banner placeholder.jpg
  artifactKey: Guid(89e42e8f0e05b4d99b5c6004a59d06f1) Importer(2089858483,b0f066a214c2f5e87bad3c948f4d605d)
Start importing Assets/AirConsole/resources/android banner placeholder.jpg using Guid(89e42e8f0e05b4d99b5c6004a59d06f1) Importer(2089858483,b0f066a214c2f5e87bad3c948f4d605d) (ScriptedImporter) -> (artifact id: 'c81913bf197f595cafe7c28ebcbc96f0') in 0.02725075 seconds
Number of updated asset objects reloaded before import = 0Number of asset objects unloaded after import = 3

========================================================================
Received Import Request.
  Time since last request: 0.000112 seconds.
  path: Assets/WebGLTemplates/AirConsole-2020/index.html
  artifactKey: Guid(68f3ca333f66e4a7ca4f680522fa1d3f) Importer(2089858483,b0f066a214c2f5e87bad3c948f4d605d)
Start importing Assets/WebGLTemplates/AirConsole-2020/index.html using Guid(68f3ca333f66e4a7ca4f680522fa1d3f) Importer(2089858483,b0f066a214c2f5e87bad3c948f4d605d) (ScriptedImporter) -> (artifact id: '63c1c3b9de80bb454c04e0d608bc1e63') in 0.003177958 seconds
Number of updated asset objects reloaded before import = 0Number of asset objects unloaded after import = 1

========================================================================
Received Import Request.
  Time since last request: 0.000038 seconds.
  path: Assets/DavePixel/PirateCoin/Prefabs/PirateCoin (Brass).prefab
  artifactKey: Guid(edfc84ab19afa8040afbaf206917d393) Importer(2089858483,e11c23a36db5f54750b8cd40eac0985b)
Start importing Assets/DavePixel/PirateCoin/Prefabs/PirateCoin (Brass).prefab using Guid(edfc84ab19afa8040afbaf206917d393) Importer(2089858483,e11c23a36db5f54750b8cd40eac0985b) (ScriptedImporter) -> (artifact id: '286e363c439a193d925a06ac6f1f7c29') in 0.005202167 seconds
Number of updated asset objects reloaded before import = 0Number of asset objects unloaded after import = 9

========================================================================
Received Import Request.
  Time since last request: 0.000044 seconds.
  path: Assets/AirConsole/extras/controller-template.html
  artifactKey: Guid(898f8131596954b47a4dd4ba0110edca) Importer(2089858483,b0f066a214c2f5e87bad3c948f4d605d)
Start importing Assets/AirConsole/extras/controller-template.html using Guid(898f8131596954b47a4dd4ba0110edca) Importer(2089858483,b0f066a214c2f5e87bad3c948f4d605d) (ScriptedImporter) -> (artifact id: '8c94d162d6d3888a9ca008d4d729239c') in 0.002682625 seconds
Number of updated asset objects reloaded before import = 0Number of asset objects unloaded after import = 1

========================================================================
Received Import Request.
  Time since last request: 0.000069 seconds.
  path: Assets/AirConsole/unity-webview/Editor/UnityWebViewPostprocessBuild.cs
  artifactKey: Guid(622ef80e351c84dd7bc9fa7e98037fec) Importer(2089858483,b0f066a214c2f5e87bad3c948f4d605d)
Start importing Assets/AirConsole/unity-webview/Editor/UnityWebViewPostprocessBuild.cs using Guid(622ef80e351c84dd7bc9fa7e98037fec) Importer(2089858483,b0f066a214c2f5e87bad3c948f4d605d) (ScriptedImporter) -> (artifact id: '696ca39f3cd4e348552a7c4f35656920') in 0.002253667 seconds
Number of updated asset objects reloaded before import = 0Number of asset objects unloaded after import = 0

========================================================================
Received Import Request.
  Time since last request: 0.000061 seconds.
  path: Assets/Scripts/Editor/LimbSetupUtility.cs
  artifactKey: Guid(dd64c4042e0b742d09ea51ce14710175) Importer(2089858483,b0f066a214c2f5e87bad3c948f4d605d)
Start importing Assets/Scripts/Editor/LimbSetupUtility.cs using Guid(dd64c4042e0b742d09ea51ce14710175) Importer(2089858483,b0f066a214c2f5e87bad3c948f4d605d) (ScriptedImporter) -> (artifact id: 'd64019d6619096b05e342f2398fefaf3') in 0.002504708 seconds
Number of updated asset objects reloaded before import = 0Number of asset objects unloaded after import = 0

========================================================================
Received Import Request.
  Time since last request: 0.000095 seconds.
  path: Assets/AirConsole/unity-webview/package.json
  artifactKey: Guid(8a2746c48dfe046bdb59d95e8646028c) Importer(2089858483,b0f066a214c2f5e87bad3c948f4d605d)
Start importing Assets/AirConsole/unity-webview/package.json using Guid(8a2746c48dfe046bdb59d95e8646028c) Importer(2089858483,b0f066a214c2f5e87bad3c948f4d605d) (ScriptedImporter) -> (artifact id: '8bcd4693dbf6d3d77978889a2ea61c91') in 0.002923917 seconds
Number of updated asset objects reloaded before import = 0Number of asset objects unloaded after import = 1

========================================================================
Received Import Request.
  Time since last request: 0.000122 seconds.
  path: Assets/AirConsole/resources/AirConsoleLogoSmall.png
  artifactKey: Guid(24cce4c13e2531f48baeac00c3652527) Importer(2089858483,b0f066a214c2f5e87bad3c948f4d605d)
Start importing Assets/AirConsole/resources/AirConsoleLogoSmall.png using Guid(24cce4c13e2531f48baeac00c3652527) Importer(2089858483,b0f066a214c2f5e87bad3c948f4d605d) (ScriptedImporter) -> (artifact id: '4bb785e543b06997fc0491cdef8e0e21') in 0.006155167 seconds
Number of updated asset objects reloaded before import = 0Number of asset objects unloaded after import = 3

========================================================================
Received Import Request.
  Time since last request: 0.000051 seconds.
  path: Assets/WebGLTemplates/AirConsole-U6/airconsole-unity-plugin.js
  artifactKey: Guid(a16d7320b9af34870a86261e76f12d2e) Importer(2089858483,b0f066a214c2f5e87bad3c948f4d605d)
Start importing Assets/WebGLTemplates/AirConsole-U6/airconsole-unity-plugin.js using Guid(a16d7320b9af34870a86261e76f12d2e) Importer(2089858483,b0f066a214c2f5e87bad3c948f4d605d) (ScriptedImporter) -> (artifact id: '93ef0301aa66165a3a99fc55e8c8cf4b') in 0.002319875 seconds
Number of updated asset objects reloaded before import = 0Number of asset objects unloaded after import = 1

========================================================================
Received Import Request.
  Time since last request: 0.000050 seconds.
  path: Assets/AirConsole/examples/platformer/platformer-controller.html
  artifactKey: Guid(ab5a57d187e074ea3b7285d1c90e187d) Importer(2089858483,b0f066a214c2f5e87bad3c948f4d605d)
Start importing Assets/AirConsole/examples/platformer/platformer-controller.html using Guid(ab5a57d187e074ea3b7285d1c90e187d) Importer(2089858483,b0f066a214c2f5e87bad3c948f4d605d) (ScriptedImporter) -> (artifact id: '9c9d3cc1ca89323b70b478d5181d2272') in 0.002289958 seconds
Number of updated asset objects reloaded before import = 0Number of asset objects unloaded after import = 1

========================================================================
Received Import Request.
  Time since last request: 0.000052 seconds.
  path: Assets/AirConsole/Upgrade_Plugin_Version.md
  artifactKey: Guid(9ab037fe1fbc49358d2aea7a298cf242) Importer(2089858483,b0f066a214c2f5e87bad3c948f4d605d)
Start importing Assets/AirConsole/Upgrade_Plugin_Version.md using Guid(9ab037fe1fbc49358d2aea7a298cf242) Importer(2089858483,b0f066a214c2f5e87bad3c948f4d605d) (ScriptedImporter) -> (artifact id: '6deca24794d994bac78f4c17c65bf1ae') in 0.001912084 seconds
Number of updated asset objects reloaded before import = 0Number of asset objects unloaded after import = 1

========================================================================
Received Import Request.
  Time since last request: 0.000046 seconds.
  path: Assets/AirConsole/Documentation for AndroidTV.pdf
  artifactKey: Guid(98c91a57543cf43e9a4f31d3d1f16abc) Importer(2089858483,b0f066a214c2f5e87bad3c948f4d605d)
Start importing Assets/AirConsole/Documentation for AndroidTV.pdf using Guid(98c91a57543cf43e9a4f31d3d1f16abc) Importer(2089858483,b0f066a214c2f5e87bad3c948f4d605d) (ScriptedImporter) -> (artifact id: 'cb05151ca2afff093d9a4407665f8fca') in 0.001949 seconds
Number of updated asset objects reloaded before import = 0Number of asset objects unloaded after import = 1

========================================================================
Received Import Request.
  Time since last request: 0.000051 seconds.
  path: Assets/WebGLTemplates/AirConsole-2020/thumbnail.png
  artifactKey: Guid(19e4a60af483a4262b3b77decfa17a2d) Importer(2089858483,b0f066a214c2f5e87bad3c948f4d605d)
Start importing Assets/WebGLTemplates/AirConsole-2020/thumbnail.png using Guid(19e4a60af483a4262b3b77decfa17a2d) Importer(2089858483,b0f066a214c2f5e87bad3c948f4d605d) (ScriptedImporter) -> (artifact id: 'd168c59d6e335077c9ee8370cb2371bc') in 0.001798625 seconds
Number of updated asset objects reloaded before import = 0Number of asset objects unloaded after import = 1

========================================================================
Received Import Request.
  Time since last request: 0.000057 seconds.
  path: Assets/AirConsole/examples/translations/translations-controller.html
  artifactKey: Guid(d304e4744020045ffa86d603747bbeb9) Importer(2089858483,b0f066a214c2f5e87bad3c948f4d605d)
Start importing Assets/AirConsole/examples/translations/translations-controller.html using Guid(d304e4744020045ffa86d603747bbeb9) Importer(2089858483,b0f066a214c2f5e87bad3c948f4d605d) (ScriptedImporter) -> (artifact id: 'd3d8fc82df9d1269e485734716a40157') in 0.002327458 seconds
Number of updated asset objects reloaded before import = 0Number of asset objects unloaded after import = 1

========================================================================
Received Import Request.
  Time since last request: 0.000035 seconds.
  path: Assets/Settings/SampleSceneProfile.asset
  artifactKey: Guid(10fc4df2da32a41aaa32d77bc913491c) Importer(2089858483,b0f066a214c2f5e87bad3c948f4d605d)
Start importing Assets/Settings/SampleSceneProfile.asset using Guid(10fc4df2da32a41aaa32d77bc913491c) Importer(2089858483,b0f066a214c2f5e87bad3c948f4d605d) (ScriptedImporter) -> (artifact id: 'd114c8172b18269c57025c82f193e3c7') in 0.002462708 seconds
Number of updated asset objects reloaded before import = 0Number of asset objects unloaded after import = 1

========================================================================
Received Import Request.
  Time since last request: 0.000036 seconds.
  path: Assets/AirConsole/unity-webview/README.md
  artifactKey: Guid(cd751e953bc184a7983a573b07db798b) Importer(2089858483,b0f066a214c2f5e87bad3c948f4d605d)
Start importing Assets/AirConsole/unity-webview/README.md using Guid(cd751e953bc184a7983a573b07db798b) Importer(2089858483,b0f066a214c2f5e87bad3c948f4d605d) (ScriptedImporter) -> (artifact id: 'ab003142d1c9ad1dc573a2773ed76a7f') in 0.002670917 seconds
Number of updated asset objects reloaded before import = 0Number of asset objects unloaded after import = 1

========================================================================
Received Import Request.
  Time since last request: 0.000055 seconds.
  path: Assets/AirConsole/examples/swipe/swipe.unity
  artifactKey: Guid(a8e8f0a8b5a9741c683915ad339b7dd7) Importer(2089858483,e11c23a36db5f54750b8cd40eac0985b)
Start importing Assets/AirConsole/examples/swipe/swipe.unity using Guid(a8e8f0a8b5a9741c683915ad339b7dd7) Importer(2089858483,e11c23a36db5f54750b8cd40eac0985b) (ScriptedImporter)Opening scene 'Assets/AirConsole/examples/swipe/swipe.unity additively'
LightingSettings: switching bake backend from 2 to 1.
Loaded scene 'Assets/AirConsole/examples/swipe/swipe.unity'
	Deserialize:            4.645 ms
	Integration:            12.864 ms
	Integration of assets:  0.524 ms
	Thread Wait Time:       -0.003 ms
	Total Operation Time:   18.031 ms
 -> (artifact id: 'f865b97b4fd6f4a5c701120fc5f8d2a3') in 0.036833333 seconds
Number of updated asset objects reloaded before import = 0Number of asset objects unloaded after import = 2

========================================================================
Received Import Request.
  Time since last request: 0.000050 seconds.
  path: Assets/AirConsole/examples/platformer/PlatformerExampleLogic.cs
  artifactKey: Guid(ca421917d12344192a0e312fbfdfecf9) Importer(2089858483,b0f066a214c2f5e87bad3c948f4d605d)
Start importing Assets/AirConsole/examples/platformer/PlatformerExampleLogic.cs using Guid(ca421917d12344192a0e312fbfdfecf9) Importer(2089858483,b0f066a214c2f5e87bad3c948f4d605d) (ScriptedImporter) -> (artifact id: '3c85da05a9322e1d3da8ceaf7e19a5b8') in 0.00220075 seconds
Number of updated asset objects reloaded before import = 0Number of asset objects unloaded after import = 0

========================================================================
Received Import Request.
  Time since last request: 0.000042 seconds.
  path: Assets/Scripts/Editor/ProceduralTentacleSetup.cs
  artifactKey: Guid(22831b7458a564b888fbc35157b5eaa6) Importer(2089858483,b0f066a214c2f5e87bad3c948f4d605d)
Start importing Assets/Scripts/Editor/ProceduralTentacleSetup.cs using Guid(22831b7458a564b888fbc35157b5eaa6) Importer(2089858483,b0f066a214c2f5e87bad3c948f4d605d) (ScriptedImporter) -> (artifact id: '528d88b9dd13a930fc1a821cfe9d27ea') in 0.003559625 seconds
Number of updated asset objects reloaded before import = 0Number of asset objects unloaded after import = 0

========================================================================
Received Import Request.
  Time since last request: 0.000052 seconds.
  path: Assets/Settings/Mobile_RPAsset.asset
  artifactKey: Guid(5e6cbd92db86f4b18aec3ed561671858) Importer(2089858483,b0f066a214c2f5e87bad3c948f4d605d)
Start importing Assets/Settings/Mobile_RPAsset.asset using Guid(5e6cbd92db86f4b18aec3ed561671858) Importer(2089858483,b0f066a214c2f5e87bad3c948f4d605d) (ScriptedImporter) -> (artifact id: '848b1282bb84a5d5816300bafa49f52b') in 0.04679125 seconds
Number of updated asset objects reloaded before import = 0Number of asset objects unloaded after import = 2

========================================================================
Received Import Request.
  Time since last request: 0.000036 seconds.
  path: Assets/AirConsole/resources/Art/Materials/Sphere 1.mat
  artifactKey: Guid(a1fe0c83760104b82bcc0bd691a406e8) Importer(2089858483,b0f066a214c2f5e87bad3c948f4d605d)
Start importing Assets/AirConsole/resources/Art/Materials/Sphere 1.mat using Guid(a1fe0c83760104b82bcc0bd691a406e8) Importer(2089858483,b0f066a214c2f5e87bad3c948f4d605d) (ScriptedImporter) -> (artifact id: '4615ea010bf9dcb6e9643c0e40ebcd17') in 0.003460125 seconds
Number of updated asset objects reloaded before import = 0Number of asset objects unloaded after import = 1

========================================================================
Received Import Request.
  Time since last request: 0.000032 seconds.
  path: Assets/AirConsole/resources/Art/Materials/bouncy.physicsMaterial2D
  artifactKey: Guid(72b2deea4eb46aa428f636f09b7b55d3) Importer(2089858483,b0f066a214c2f5e87bad3c948f4d605d)
Start importing Assets/AirConsole/resources/Art/Materials/bouncy.physicsMaterial2D using Guid(72b2deea4eb46aa428f636f09b7b55d3) Importer(2089858483,b0f066a214c2f5e87bad3c948f4d605d) (ScriptedImporter) -> (artifact id: '05be751b9303c41b318925529610f4ab') in 0.002849041 seconds
Number of updated asset objects reloaded before import = 0Number of asset objects unloaded after import = 1

========================================================================
Received Import Request.
  Time since last request: 0.000053 seconds.
  path: Assets/AirConsole/unity-webview/Runtime/Plugins/Android/WebViewPlugin.jar
  artifactKey: Guid(bcb21885420d348f59d000fc8a7c6f0a) Importer(2089858483,b0f066a214c2f5e87bad3c948f4d605d)
Start importing Assets/AirConsole/unity-webview/Runtime/Plugins/Android/WebViewPlugin.jar using Guid(bcb21885420d348f59d000fc8a7c6f0a) Importer(2089858483,b0f066a214c2f5e87bad3c948f4d605d) (ScriptedImporter) -> (artifact id: '2ba8fb76445a2f133266916610dcda6e') in 0.00385325 seconds
Number of updated asset objects reloaded before import = 0Number of asset objects unloaded after import = 0

========================================================================
Received Import Request.
  Time since last request: 0.000036 seconds.
  path: Assets/AirConsole/resources/Art/Meshes/LogoAirConsole.fbx
  artifactKey: Guid(099bfe4af54b04dd88d6658405b1b203) Importer(2089858483,b0f066a214c2f5e87bad3c948f4d605d)
Start importing Assets/AirConsole/resources/Art/Meshes/LogoAirConsole.fbx using Guid(099bfe4af54b04dd88d6658405b1b203) Importer(2089858483,b0f066a214c2f5e87bad3c948f4d605d) (ScriptedImporter) -> (artifact id: 'cc20b8091357631be95d268574be6bb0') in 0.023710875 seconds
Number of updated asset objects reloaded before import = 0Number of asset objects unloaded after import = 8

========================================================================
Received Import Request.
  Time since last request: 0.000042 seconds.
  path: Assets/WebGLTemplates/AirConsole/TemplateData/loading-screen.png
  artifactKey: Guid(cb4d3dae26fb247e39f956219719e967) Importer(2089858483,b0f066a214c2f5e87bad3c948f4d605d)
Start importing Assets/WebGLTemplates/AirConsole/TemplateData/loading-screen.png using Guid(cb4d3dae26fb247e39f956219719e967) Importer(2089858483,b0f066a214c2f5e87bad3c948f4d605d) (ScriptedImporter) -> (artifact id: '8c4850a0004309cb0a91ddd14028547b') in 0.002278917 seconds
Number of updated asset objects reloaded before import = 0Number of asset objects unloaded after import = 1

========================================================================
Received Import Request.
  Time since last request: 0.000041 seconds.
  path: Assets/_Recovery/0 (1).unity
  artifactKey: Guid(7d9b2187a3b43483a9b7ad54cf54b840) Importer(2089858483,e11c23a36db5f54750b8cd40eac0985b)
Start importing Assets/_Recovery/0 (1).unity using Guid(7d9b2187a3b43483a9b7ad54cf54b840) Importer(2089858483,e11c23a36db5f54750b8cd40eac0985b) (ScriptedImporter)Opening scene 'Assets/_Recovery/0 (1).unity additively'
Loaded scene 'Assets/_Recovery/0 (1).unity'
	Deserialize:            1.879 ms
	Integration:            1.778 ms
	Integration of assets:  0.004 ms
	Thread Wait Time:       0.005 ms
	Total Operation Time:   3.666 ms
 -> (artifact id: 'f6e3599145e6e9d3a78d6c7c4568e21c') in 0.032390041 seconds
Number of updated asset objects reloaded before import = 0Number of asset objects unloaded after import = 140

========================================================================
Received Import Request.
  Time since last request: 0.000043 seconds.
  path: Assets/AirConsole/resources/AirConsoleBg.png
  artifactKey: Guid(f33ccac877cf62b4c80246ed480787f1) Importer(2089858483,b0f066a214c2f5e87bad3c948f4d605d)
Start importing Assets/AirConsole/resources/AirConsoleBg.png using Guid(f33ccac877cf62b4c80246ed480787f1) Importer(2089858483,b0f066a214c2f5e87bad3c948f4d605d) (ScriptedImporter) -> (artifact id: '7cbb0d892f5a8e93a9cf0c9ae1312f6c') in 0.005644625 seconds
Number of updated asset objects reloaded before import = 0Number of asset objects unloaded after import = 1

========================================================================
Received Import Request.
  Time since last request: 0.000033 seconds.
  path: Assets/Settings/DefaultVolumeProfile.asset
  artifactKey: Guid(ab09877e2e707104187f6f83e2f62510) Importer(2089858483,b0f066a214c2f5e87bad3c948f4d605d)
Start importing Assets/Settings/DefaultVolumeProfile.asset using Guid(ab09877e2e707104187f6f83e2f62510) Importer(2089858483,b0f066a214c2f5e87bad3c948f4d605d) (ScriptedImporter) -> (artifact id: 'be88c248dca858b7131709bf6856b227') in 0.002103583 seconds
Number of updated asset objects reloaded before import = 0Number of asset objects unloaded after import = 0

========================================================================
Received Import Request.
  Time since last request: 0.000039 seconds.
  path: Assets/AirConsole/scripts/editor/PlayMode.cs
  artifactKey: Guid(f62f6a50dc6e20241aca97d01fbb2881) Importer(2089858483,b0f066a214c2f5e87bad3c948f4d605d)
Start importing Assets/AirConsole/scripts/editor/PlayMode.cs using Guid(f62f6a50dc6e20241aca97d01fbb2881) Importer(2089858483,b0f066a214c2f5e87bad3c948f4d605d) (ScriptedImporter) -> (artifact id: '37f0335651922379e4465862a25825db') in 0.002186958 seconds
Number of updated asset objects reloaded before import = 0Number of asset objects unloaded after import = 0

========================================================================
Received Import Request.
  Time since last request: 0.000086 seconds.
  path: Assets/WebGLTemplates/AirConsole-2020/TemplateData/loading-screen.png
  artifactKey: Guid(d5696b793203b44dfb24b50df7b58ef2) Importer(2089858483,b0f066a214c2f5e87bad3c948f4d605d)
Start importing Assets/WebGLTemplates/AirConsole-2020/TemplateData/loading-screen.png using Guid(d5696b793203b44dfb24b50df7b58ef2) Importer(2089858483,b0f066a214c2f5e87bad3c948f4d605d) (ScriptedImporter) -> (artifact id: 'db5ec2c592a34e5430087593061c1e31') in 0.002183375 seconds
Number of updated asset objects reloaded before import = 0Number of asset objects unloaded after import = 1

========================================================================
Received Import Request.
  Time since last request: 0.000048 seconds.
  path: Assets/AirConsole/examples/platformer/Player_Platformer.cs
  artifactKey: Guid(fc5d0864cc8934039b036f722f168be7) Importer(2089858483,b0f066a214c2f5e87bad3c948f4d605d)
Start importing Assets/AirConsole/examples/platformer/Player_Platformer.cs using Guid(fc5d0864cc8934039b036f722f168be7) Importer(2089858483,b0f066a214c2f5e87bad3c948f4d605d) (ScriptedImporter) -> (artifact id: '5037fb1936fa4a63ba4b2da76fd8b0e2') in 0.001748291 seconds
Number of updated asset objects reloaded before import = 0Number of asset objects unloaded after import = 0

========================================================================
Received Import Request.
  Time since last request: 0.000047 seconds.
  path: Assets/dave-the-octopus-rig-animation/source/PfDWOctopusDave (merge)/OctopusAnimationController.controller
  artifactKey: Guid(8741518acea414bbc8d3852bafed6c24) Importer(2089858483,b0f066a214c2f5e87bad3c948f4d605d)
Start importing Assets/dave-the-octopus-rig-animation/source/PfDWOctopusDave (merge)/OctopusAnimationController.controller using Guid(8741518acea414bbc8d3852bafed6c24) Importer(2089858483,b0f066a214c2f5e87bad3c948f4d605d) (ScriptedImporter) -> (artifact id: '974625b9ca16b0a99d53210a283f30aa') in 0.003474584 seconds
Number of updated asset objects reloaded before import = 0Number of asset objects unloaded after import = 4

========================================================================
Received Import Request.
  Time since last request: 0.000057 seconds.
  path: Assets/AirConsole/resources/Art/Sprites/player.png
  artifactKey: Guid(179e85ac2a85c954e8523c81bdb28cb4) Importer(2089858483,b0f066a214c2f5e87bad3c948f4d605d)
Start importing Assets/AirConsole/resources/Art/Sprites/player.png using Guid(179e85ac2a85c954e8523c81bdb28cb4) Importer(2089858483,b0f066a214c2f5e87bad3c948f4d605d) (ScriptedImporter) -> (artifact id: '95a3c9b9ca02ea0521337320758f64ba') in 0.005519125 seconds
Number of updated asset objects reloaded before import = 0Number of asset objects unloaded after import = 3

========================================================================
Received Import Request.
  Time since last request: 0.000037 seconds.
  path: Assets/DavePixel/PirateCoin HDRP/Prefabs/PirateCoin (Brass) Variant.prefab
  artifactKey: Guid(aaf4d10f8ca010c4bb365c4b3fd08bc7) Importer(2089858483,e11c23a36db5f54750b8cd40eac0985b)
Start importing Assets/DavePixel/PirateCoin HDRP/Prefabs/PirateCoin (Brass) Variant.prefab using Guid(aaf4d10f8ca010c4bb365c4b3fd08bc7) Importer(2089858483,e11c23a36db5f54750b8cd40eac0985b) (ScriptedImporter) -> (artifact id: '81ca6fcb54583d5022945f0881ea92ad') in 0.00452375 seconds
Number of updated asset objects reloaded before import = 0Number of asset objects unloaded after import = 16

========================================================================
Received Import Request.
  Time since last request: 0.000043 seconds.
  path: Assets/Scenes/SampleScene.unity
  artifactKey: Guid(99c9720ab356a0642a771bea13969a05) Importer(2089858483,e11c23a36db5f54750b8cd40eac0985b)
Start importing Assets/Scenes/SampleScene.unity using Guid(99c9720ab356a0642a771bea13969a05) Importer(2089858483,e11c23a36db5f54750b8cd40eac0985b) (ScriptedImporter)Opening scene 'Assets/Scenes/SampleScene.unity additively'
Loaded scene 'Assets/Scenes/SampleScene.unity'
	Deserialize:            1.558 ms
	Integration:            2.637 ms
	Integration of assets:  0.006 ms
	Thread Wait Time:       0.003 ms
	Total Operation Time:   4.205 ms
 -> (artifact id: 'e36dad2dc23ffd786c0b8234f1923f38') in 0.038037166 seconds
Number of updated asset objects reloaded before import = 0Number of asset objects unloaded after import = 149

========================================================================
Received Import Request.
  Time since last request: 0.000039 seconds.
  path: Assets/Scripts/Animation/HeadWobble.cs
  artifactKey: Guid(abd47604e65aa4ab5895b01373d0dadd) Importer(2089858483,b0f066a214c2f5e87bad3c948f4d605d)
Start importing Assets/Scripts/Animation/HeadWobble.cs using Guid(abd47604e65aa4ab5895b01373d0dadd) Importer(2089858483,b0f066a214c2f5e87bad3c948f4d605d) (ScriptedImporter) -> (artifact id: '6e45c796ad1f4cf84e4b46115ef3bec4') in 0.002233375 seconds
Number of updated asset objects reloaded before import = 0Number of asset objects unloaded after import = 0

========================================================================
Received Import Request.
  Time since last request: 0.000058 seconds.
  path: Assets/Scripts/Physics/LimbPhysicsController.cs
  artifactKey: Guid(42d0243d40ecf473eb00b4ef1570883f) Importer(2089858483,b0f066a214c2f5e87bad3c948f4d605d)
Start importing Assets/Scripts/Physics/LimbPhysicsController.cs using Guid(42d0243d40ecf473eb00b4ef1570883f) Importer(2089858483,b0f066a214c2f5e87bad3c948f4d605d) (ScriptedImporter) -> (artifact id: '2da1e6b3d7d1e4f0f111cbf1c3519fb1') in 0.001749291 seconds
Number of updated asset objects reloaded before import = 0Number of asset objects unloaded after import = 0

========================================================================
Received Import Request.
  Time since last request: 0.000044 seconds.
  path: Assets/AirConsole/unity-webview/Runtime/WebViewObject.cs
  artifactKey: Guid(565449e947b864de19939762a9843936) Importer(2089858483,b0f066a214c2f5e87bad3c948f4d605d)
Start importing Assets/AirConsole/unity-webview/Runtime/WebViewObject.cs using Guid(565449e947b864de19939762a9843936) Importer(2089858483,b0f066a214c2f5e87bad3c948f4d605d) (ScriptedImporter) -> (artifact id: 'b375f8b5d9484e767fb128bf2b4aebb2') in 0.003164917 seconds
Number of updated asset objects reloaded before import = 0Number of asset objects unloaded after import = 0

========================================================================
Received Import Request.
  Time since last request: 0.000044 seconds.
  path: Assets/AirConsole/Documentation_1.7.pdf
  artifactKey: Guid(6952db28ad1934cb59d4f40e6f874ac0) Importer(2089858483,b0f066a214c2f5e87bad3c948f4d605d)
Start importing Assets/AirConsole/Documentation_1.7.pdf using Guid(6952db28ad1934cb59d4f40e6f874ac0) Importer(2089858483,b0f066a214c2f5e87bad3c948f4d605d) (ScriptedImporter) -> (artifact id: '1039d8b8386f2b7c12ca15dce7256dae') in 0.001897417 seconds
Number of updated asset objects reloaded before import = 0Number of asset objects unloaded after import = 1

========================================================================
Received Import Request.
  Time since last request: 0.000067 seconds.
  path: Assets/AirConsole/examples/swipe/swipe-controller.html
  artifactKey: Guid(84378337121324cb0b715f2e576e0dfc) Importer(2089858483,b0f066a214c2f5e87bad3c948f4d605d)
Start importing Assets/AirConsole/examples/swipe/swipe-controller.html using Guid(84378337121324cb0b715f2e576e0dfc) Importer(2089858483,b0f066a214c2f5e87bad3c948f4d605d) (ScriptedImporter) -> (artifact id: 'b1e7b00b84518e5d72d9554e8943ef6b') in 0.001722166 seconds
Number of updated asset objects reloaded before import = 0Number of asset objects unloaded after import = 1

========================================================================
Received Import Request.
  Time since last request: 0.000034 seconds.
  path: Assets/AirConsole/examples/game-states/GameStatesExampleLogic.cs
  artifactKey: Guid(158e35e407c154484841b256d8915cc7) Importer(2089858483,b0f066a214c2f5e87bad3c948f4d605d)
Start importing Assets/AirConsole/examples/game-states/GameStatesExampleLogic.cs using Guid(158e35e407c154484841b256d8915cc7) Importer(2089858483,b0f066a214c2f5e87bad3c948f4d605d) (ScriptedImporter) -> (artifact id: '76ba1c8e7c81f1d86045021a79b76d25') in 0.001798875 seconds
Number of updated asset objects reloaded before import = 0Number of asset objects unloaded after import = 0

========================================================================
Received Import Request.
  Time since last request: 0.000051 seconds.
  path: Assets/AirConsole/resources/Art/Materials/transparent.mat
  artifactKey: Guid(6964da17416934c91b9a4e29f8c2d16d) Importer(2089858483,b0f066a214c2f5e87bad3c948f4d605d)
Start importing Assets/AirConsole/resources/Art/Materials/transparent.mat using Guid(6964da17416934c91b9a4e29f8c2d16d) Importer(2089858483,b0f066a214c2f5e87bad3c948f4d605d) (ScriptedImporter) -> (artifact id: 'aaacc270b20e00757f332b995163047a') in 0.002273708 seconds
Number of updated asset objects reloaded before import = 0Number of asset objects unloaded after import = 1

========================================================================
Received Import Request.
  Time since last request: 0.000046 seconds.
  path: Assets/AirConsole/resources/androidtv-loadingscreen.png
  artifactKey: Guid(12972e20d236d46bb9e0c05e0ffb2dc5) Importer(2089858483,b0f066a214c2f5e87bad3c948f4d605d)
Start importing Assets/AirConsole/resources/androidtv-loadingscreen.png using Guid(12972e20d236d46bb9e0c05e0ffb2dc5) Importer(2089858483,b0f066a214c2f5e87bad3c948f4d605d) (ScriptedImporter) -> (artifact id: '11870e69e1d57db43c6ea7d498713180') in 0.008463333 seconds
Number of updated asset objects reloaded before import = 0Number of asset objects unloaded after import = 3

========================================================================
Received Import Request.
  Time since last request: 0.000034 seconds.
  path: Assets/AirConsole/examples/translations/translations.unity
  artifactKey: Guid(7d28a38601c2f4547b1ecac64cf96761) Importer(2089858483,e11c23a36db5f54750b8cd40eac0985b)
Start importing Assets/AirConsole/examples/translations/translations.unity using Guid(7d28a38601c2f4547b1ecac64cf96761) Importer(2089858483,e11c23a36db5f54750b8cd40eac0985b) (ScriptedImporter)Opening scene 'Assets/AirConsole/examples/translations/translations.unity additively'
LightingSettings: switching bake backend from 2 to 1.
Loaded scene 'Assets/AirConsole/examples/translations/translations.unity'
	Deserialize:            1.393 ms
	Integration:            0.752 ms
	Integration of assets:  0.006 ms
	Thread Wait Time:       0.004 ms
	Total Operation Time:   2.155 ms
 -> (artifact id: '8c0f37d6713ef21dc8d1c10c79da2121') in 0.015615083 seconds
Number of updated asset objects reloaded before import = 0Number of asset objects unloaded after import = 2

========================================================================
Received Import Request.
  Time since last request: 0.000055 seconds.
  path: Assets/Plugins/Android/AndroidManifest.xml
  artifactKey: Guid(3520f69b905ae43a9bdcda1ef95b5ce5) Importer(2089858483,b0f066a214c2f5e87bad3c948f4d605d)
Start importing Assets/Plugins/Android/AndroidManifest.xml using Guid(3520f69b905ae43a9bdcda1ef95b5ce5) Importer(2089858483,b0f066a214c2f5e87bad3c948f4d605d) (ScriptedImporter) -> (artifact id: 'd08a925404e6b14821df602bae2c1d89') in 0.001993209 seconds
Number of updated asset objects reloaded before import = 0Number of asset objects unloaded after import = 1

========================================================================
Received Import Request.
  Time since last request: 0.000044 seconds.
  path: Assets/WebGLTemplates/AirConsole-U6/TemplateData/loading-screen.png
  artifactKey: Guid(92eeddf0b218243b29fca6fb0aa6ac29) Importer(2089858483,b0f066a214c2f5e87bad3c948f4d605d)
Start importing Assets/WebGLTemplates/AirConsole-U6/TemplateData/loading-screen.png using Guid(92eeddf0b218243b29fca6fb0aa6ac29) Importer(2089858483,b0f066a214c2f5e87bad3c948f4d605d) (ScriptedImporter) -> (artifact id: '8e39714f6fb3f3416f5f6205158b07e7') in 0.001702375 seconds
Number of updated asset objects reloaded before import = 0Number of asset objects unloaded after import = 1

========================================================================
Received Import Request.
  Time since last request: 0.000041 seconds.
  path: Assets/Settings/UniversalRenderPipelineGlobalSettings.asset
  artifactKey: Guid(18dc0cd2c080841dea60987a38ce93fa) Importer(2089858483,b0f066a214c2f5e87bad3c948f4d605d)
Start importing Assets/Settings/UniversalRenderPipelineGlobalSettings.asset using Guid(18dc0cd2c080841dea60987a38ce93fa) Importer(2089858483,b0f066a214c2f5e87bad3c948f4d605d) (ScriptedImporter) -> (artifact id: '6461af71450a622482960bc3ec15ff3f') in 0.064564125 seconds
Number of updated asset objects reloaded before import = 0Number of asset objects unloaded after import = 0

========================================================================
Received Import Request.
  Time since last request: 0.000048 seconds.
  path: Assets/AirConsole/unity-webview/Editor/Webview.Editor.asmdef
  artifactKey: Guid(a2b2fe4dcc4344e349cf958f3fb62ffa) Importer(2089858483,b0f066a214c2f5e87bad3c948f4d605d)
Start importing Assets/AirConsole/unity-webview/Editor/Webview.Editor.asmdef using Guid(a2b2fe4dcc4344e349cf958f3fb62ffa) Importer(2089858483,b0f066a214c2f5e87bad3c948f4d605d) (ScriptedImporter) -> (artifact id: '3c18d999f4fe3b440d43df4058ae4894') in 0.002853708 seconds
Number of updated asset objects reloaded before import = 0Number of asset objects unloaded after import = 1

========================================================================
Received Import Request.
  Time since last request: 0.000037 seconds.
  path: Assets/DavePixel/PirateCoin HDRP/Prefabs/PirateCoin.prefab
  artifactKey: Guid(25cb4f9745fb8654c812036d1fee8920) Importer(2089858483,e11c23a36db5f54750b8cd40eac0985b)
Start importing Assets/DavePixel/PirateCoin HDRP/Prefabs/PirateCoin.prefab using Guid(25cb4f9745fb8654c812036d1fee8920) Importer(2089858483,e11c23a36db5f54750b8cd40eac0985b) (ScriptedImporter) -> (artifact id: '300fe10ffb9659260e82b0c9cc1d35f8') in 0.004089125 seconds
Number of updated asset objects reloaded before import = 0Number of asset objects unloaded after import = 9

========================================================================
Received Import Request.
  Time since last request: 0.000076 seconds.
  path: Assets/Scripts/OctoController.cs
  artifactKey: Guid(e6d85e3cbe240438996db2d10f3ceca1) Importer(2089858483,b0f066a214c2f5e87bad3c948f4d605d)
Start importing Assets/Scripts/OctoController.cs using Guid(e6d85e3cbe240438996db2d10f3ceca1) Importer(2089858483,b0f066a214c2f5e87bad3c948f4d605d) (ScriptedImporter) -> (artifact id: 'becbc1820434a9ec2bdcbdc148d1043c') in 0.001895042 seconds
Number of updated asset objects reloaded before import = 0Number of asset objects unloaded after import = 0

========================================================================
Received Import Request.
  Time since last request: 0.000049 seconds.
  path: Assets/AirConsole/extras/HighScoreHelper.cs
  artifactKey: Guid(627c37fd2703a4e51bb7c6f17da8d20a) Importer(2089858483,b0f066a214c2f5e87bad3c948f4d605d)
Start importing Assets/AirConsole/extras/HighScoreHelper.cs using Guid(627c37fd2703a4e51bb7c6f17da8d20a) Importer(2089858483,b0f066a214c2f5e87bad3c948f4d605d) (ScriptedImporter) -> (artifact id: '23de95e029eaf63f52ba56c43e647216') in 0.001982958 seconds
Number of updated asset objects reloaded before import = 0Number of asset objects unloaded after import = 0

========================================================================
Received Import Request.
  Time since last request: 0.000069 seconds.
  path: Assets/AirConsole/resources/AirConsoleLogoText.png
  artifactKey: Guid(fa96579cda0638a4d823c2f246c366b9) Importer(2089858483,b0f066a214c2f5e87bad3c948f4d605d)
Start importing Assets/AirConsole/resources/AirConsoleLogoText.png using Guid(fa96579cda0638a4d823c2f246c366b9) Importer(2089858483,b0f066a214c2f5e87bad3c948f4d605d) (ScriptedImporter) -> (artifact id: '182fe66467d8c376ad060d8df2b44ae9') in 0.007474 seconds
Number of updated asset objects reloaded before import = 0Number of asset objects unloaded after import = 3

========================================================================
Received Import Request.
  Time since last request: 0.000048 seconds.
  path: Assets/AirConsole/scripts/editor/Inspector.cs
  artifactKey: Guid(b821d1b6206d7784cafde0ec55116ef9) Importer(2089858483,b0f066a214c2f5e87bad3c948f4d605d)
Start importing Assets/AirConsole/scripts/editor/Inspector.cs using Guid(b821d1b6206d7784cafde0ec55116ef9) Importer(2089858483,b0f066a214c2f5e87bad3c948f4d605d) (ScriptedImporter) -> (artifact id: 'ae1d94474ced12588c7c35d014d7cc57') in 0.001952292 seconds
Number of updated asset objects reloaded before import = 0Number of asset objects unloaded after import = 0

========================================================================
Received Import Request.
  Time since last request: 0.000043 seconds.
  path: Assets/AirConsole/unity-webview/LICENSE.md
  artifactKey: Guid(c6e1eab715b72465cb807b5fae4b2225) Importer(2089858483,b0f066a214c2f5e87bad3c948f4d605d)
Start importing Assets/AirConsole/unity-webview/LICENSE.md using Guid(c6e1eab715b72465cb807b5fae4b2225) Importer(2089858483,b0f066a214c2f5e87bad3c948f4d605d) (ScriptedImporter) -> (artifact id: '00f0777c1c7ed6a929027097af495586') in 0.002242584 seconds
Number of updated asset objects reloaded before import = 0Number of asset objects unloaded after import = 1

========================================================================
Received Import Request.
  Time since last request: 0.000065 seconds.
  path: Assets/TutorialInfo/Icons/URP.png
  artifactKey: Guid(727a75301c3d24613a3ebcec4a24c2c8) Importer(2089858483,b0f066a214c2f5e87bad3c948f4d605d)
Start importing Assets/TutorialInfo/Icons/URP.png using Guid(727a75301c3d24613a3ebcec4a24c2c8) Importer(2089858483,b0f066a214c2f5e87bad3c948f4d605d) (ScriptedImporter) -> (artifact id: '5a4a395d918f9e7230a11a577b7adc91') in 0.004284166 seconds
Number of updated asset objects reloaded before import = 0Number of asset objects unloaded after import = 1

========================================================================
Received Import Request.
  Time since last request: 0.000045 seconds.
  path: Assets/WebGLTemplates/AirConsole-2020/rate-limiter.js
  artifactKey: Guid(3dc76f31ad9064d00ab9ac058a70dc5d) Importer(2089858483,b0f066a214c2f5e87bad3c948f4d605d)
Start importing Assets/WebGLTemplates/AirConsole-2020/rate-limiter.js using Guid(3dc76f31ad9064d00ab9ac058a70dc5d) Importer(2089858483,b0f066a214c2f5e87bad3c948f4d605d) (ScriptedImporter) -> (artifact id: '56acdac6bae237704b6ada260bbe7246') in 0.001892291 seconds
Number of updated asset objects reloaded before import = 0Number of asset objects unloaded after import = 1

========================================================================
Received Import Request.
  Time since last request: 0.000050 seconds.
  path: Assets/Settings/PC_RPAsset.asset
  artifactKey: Guid(4b83569d67af61e458304325a23e5dfd) Importer(2089858483,b0f066a214c2f5e87bad3c948f4d605d)
Start importing Assets/Settings/PC_RPAsset.asset using Guid(4b83569d67af61e458304325a23e5dfd) Importer(2089858483,b0f066a214c2f5e87bad3c948f4d605d) (ScriptedImporter) -> (artifact id: '7bbb83c570e4ab4a0f70fedfa660b3af') in 0.007690042 seconds
Number of updated asset objects reloaded before import = 0Number of asset objects unloaded after import = 1

========================================================================
Received Import Request.
  Time since last request: 0.000047 seconds.
  path: Assets/AirConsole/examples/translations/TranslationExampleLogic.cs
  artifactKey: Guid(06ed25181fa994159af2bba512317a6b) Importer(2089858483,b0f066a214c2f5e87bad3c948f4d605d)
Start importing Assets/AirConsole/examples/translations/TranslationExampleLogic.cs using Guid(06ed25181fa994159af2bba512317a6b) Importer(2089858483,b0f066a214c2f5e87bad3c948f4d605d) (ScriptedImporter) -> (artifact id: 'd8cb6039df4068a5679d6758ad44852b') in 0.001628292 seconds
Number of updated asset objects reloaded before import = 0Number of asset objects unloaded after import = 0

========================================================================
Received Import Request.
  Time since last request: 0.000041 seconds.
  path: Assets/AirConsole/Third-Party Notices.txt
  artifactKey: Guid(a5582f43d978843619f1ea79d7f7b451) Importer(2089858483,b0f066a214c2f5e87bad3c948f4d605d)
Start importing Assets/AirConsole/Third-Party Notices.txt using Guid(a5582f43d978843619f1ea79d7f7b451) Importer(2089858483,b0f066a214c2f5e87bad3c948f4d605d) (ScriptedImporter) -> (artifact id: '376d0ec9534c5d5b3ce060b764a70947') in 0.0020775 seconds
Number of updated asset objects reloaded before import = 0Number of asset objects unloaded after import = 1

========================================================================
Received Import Request.
  Time since last request: 1.011265 seconds.
  path: Assets/AirConsole/examples/basic/basic.unity
  artifactKey: Guid(be2892f0848650f4fa6714ec6d9100bf) Importer(2089858483,b0f066a214c2f5e87bad3c948f4d605d)
Start importing Assets/AirConsole/examples/basic/basic.unity using Guid(be2892f0848650f4fa6714ec6d9100bf) Importer(2089858483,b0f066a214c2f5e87bad3c948f4d605d) (ScriptedImporter) -> (artifact id: 'd4369d6bc5456f0e0399de9891b59523') in 0.005155167 seconds
Number of updated asset objects reloaded before import = 0Number of asset objects unloaded after import = 1

========================================================================
Received Import Request.
  Time since last request: 0.000107 seconds.
  path: Assets/AirConsole/examples/platformer/platformer.unity
  artifactKey: Guid(d1c6c76d1e441496eb198de3564ddb56) Importer(2089858483,b0f066a214c2f5e87bad3c948f4d605d)
Start importing Assets/AirConsole/examples/platformer/platformer.unity using Guid(d1c6c76d1e441496eb198de3564ddb56) Importer(2089858483,b0f066a214c2f5e87bad3c948f4d605d) (ScriptedImporter) -> (artifact id: 'a85b23271feacda6fc7b741148851e59') in 0.001897458 seconds
Number of updated asset objects reloaded before import = 0Number of asset objects unloaded after import = 1

========================================================================
Received Import Request.
  Time since last request: 0.000027 seconds.
  path: Assets/AirConsole/examples/swipe/swipe.unity
  artifactKey: Guid(a8e8f0a8b5a9741c683915ad339b7dd7) Importer(2089858483,b0f066a214c2f5e87bad3c948f4d605d)
Start importing Assets/AirConsole/examples/swipe/swipe.unity using Guid(a8e8f0a8b5a9741c683915ad339b7dd7) Importer(2089858483,b0f066a214c2f5e87bad3c948f4d605d) (ScriptedImporter) -> (artifact id: '97562a22a5f32dc1bfbd957a7e8af734') in 0.0017985 seconds
Number of updated asset objects reloaded before import = 0Number of asset objects unloaded after import = 1

========================================================================
Received Import Request.
  Time since last request: 6.400156 seconds.
  path: Assets/DavePixel/PirateCoin/Materials/Brass.mat
  artifactKey: Guid(d1cd4e374989edf4a9cdf2626ff507da) Importer(2089858483,b0f066a214c2f5e87bad3c948f4d605d)
Start importing Assets/DavePixel/PirateCoin/Materials/Brass.mat using Guid(d1cd4e374989edf4a9cdf2626ff507da) Importer(2089858483,b0f066a214c2f5e87bad3c948f4d605d) (ScriptedImporter) -> (artifact id: '7130e9995e5c99bc3ef364acc5017903') in 0.362231458 seconds
Number of updated asset objects reloaded before import = 0Number of asset objects unloaded after import = 2

========================================================================
Received Import Request.
  Time since last request: 0.000120 seconds.
  path: Assets/DavePixel/PirateCoin/Textures/Brass/Materials/Coin_Low_lambert1_Metallic.mat
  artifactKey: Guid(5832a5a498dc84d93a08065ed62001b4) Importer(2089858483,b0f066a214c2f5e87bad3c948f4d605d)
Start importing Assets/DavePixel/PirateCoin/Textures/Brass/Materials/Coin_Low_lambert1_Metallic.mat using Guid(5832a5a498dc84d93a08065ed62001b4) Importer(2089858483,b0f066a214c2f5e87bad3c948f4d605d) (ScriptedImporter) -> (artifact id: 'e1f3dbfdaed21fe54e7d95b779c3e646') in 0.157496167 seconds
Number of updated asset objects reloaded before import = 0Number of asset objects unloaded after import = 2

========================================================================
Received Import Request.
  Time since last request: 0.000040 seconds.
  path: Assets/DavePixel/PirateCoin/Demo/Material/Table.mat
  artifactKey: Guid(9468d79c75c790d4996fabf2511e98c4) Importer(2089858483,b0f066a214c2f5e87bad3c948f4d605d)
Start importing Assets/DavePixel/PirateCoin/Demo/Material/Table.mat using Guid(9468d79c75c790d4996fabf2511e98c4) Importer(2089858483,b0f066a214c2f5e87bad3c948f4d605d) (ScriptedImporter) -> (artifact id: '0ef81ae6750b122617bcc8b308cf491d') in 0.004355416 seconds
Number of updated asset objects reloaded before import = 0Number of asset objects unloaded after import = 3

========================================================================
Received Import Request.
  Time since last request: 0.000064 seconds.
  path: Assets/DavePixel/PirateCoin/Materials/DarkGold.mat
  artifactKey: Guid(dfe3bdb1f74f2b24cbd1867c8829b21c) Importer(2089858483,b0f066a214c2f5e87bad3c948f4d605d)
Start importing Assets/DavePixel/PirateCoin/Materials/DarkGold.mat using Guid(dfe3bdb1f74f2b24cbd1867c8829b21c) Importer(2089858483,b0f066a214c2f5e87bad3c948f4d605d) (ScriptedImporter) -> (artifact id: '7f8e6b8814bbbf234278b526b57574f8') in 0.005492875 seconds
Number of updated asset objects reloaded before import = 0Number of asset objects unloaded after import = 2

========================================================================
Received Import Request.
  Time since last request: 0.000041 seconds.
  path: Assets/DavePixel/PirateCoin/Materials/Silver.mat
  artifactKey: Guid(7943be8f14bf620439377a61014df5d4) Importer(2089858483,b0f066a214c2f5e87bad3c948f4d605d)
Start importing Assets/DavePixel/PirateCoin/Materials/Silver.mat using Guid(7943be8f14bf620439377a61014df5d4) Importer(2089858483,b0f066a214c2f5e87bad3c948f4d605d) (ScriptedImporter) -> (artifact id: 'c7843e292e235252f92f239761371ca8') in 0.006484375 seconds
Number of updated asset objects reloaded before import = 0Number of asset objects unloaded after import = 2

========================================================================
Received Import Request.
  Time since last request: 0.000045 seconds.
  path: Assets/AirConsole/resources/Art/Materials/transparent.mat
  artifactKey: Guid(6964da17416934c91b9a4e29f8c2d16d) Importer(2089858483,b0f066a214c2f5e87bad3c948f4d605d)
Start importing Assets/AirConsole/resources/Art/Materials/transparent.mat using Guid(6964da17416934c91b9a4e29f8c2d16d) Importer(2089858483,b0f066a214c2f5e87bad3c948f4d605d) (ScriptedImporter) -> (artifact id: '5384a665d387dd51b9c200b87ae999c3') in 0.003144458 seconds
Number of updated asset objects reloaded before import = 0Number of asset objects unloaded after import = 1

========================================================================
Received Import Request.
  Time since last request: 0.000040 seconds.
  path: Assets/AirConsole/examples/platformer/platformer.unity
  artifactKey: Guid(d1c6c76d1e441496eb198de3564ddb56) Importer(2089858483,b0f066a214c2f5e87bad3c948f4d605d)
Start importing Assets/AirConsole/examples/platformer/platformer.unity using Guid(d1c6c76d1e441496eb198de3564ddb56) Importer(2089858483,b0f066a214c2f5e87bad3c948f4d605d) (ScriptedImporter) -> (artifact id: '031c5c34a7e2bee7b1329c05905d3cd4') in 0.006046125 seconds
Number of updated asset objects reloaded before import = 0Number of asset objects unloaded after import = 1

========================================================================
Received Import Request.
  Time since last request: 0.000046 seconds.
  path: Assets/AirConsole/resources/Art/Materials/ProfilePicturePlane.mat
  artifactKey: Guid(50229279e85ab4dcea2b928155d53b71) Importer(2089858483,b0f066a214c2f5e87bad3c948f4d605d)
Start importing Assets/AirConsole/resources/Art/Materials/ProfilePicturePlane.mat using Guid(50229279e85ab4dcea2b928155d53b71) Importer(2089858483,b0f066a214c2f5e87bad3c948f4d605d) (ScriptedImporter) -> (artifact id: '5669565242500bb18d86c2f7d6e8838f') in 0.003427958 seconds
Number of updated asset objects reloaded before import = 0Number of asset objects unloaded after import = 1

========================================================================
Received Import Request.
  Time since last request: 68.444152 seconds.
  path: Assets/DavePixel/PirateCoin/Textures/Brass/Materials/Coin_Low_lambert1_BaseColor 1.mat
  artifactKey: Guid(e24c887ca4eec42efa6e66d84e167d8a) Importer(2089858483,b0f066a214c2f5e87bad3c948f4d605d)
Start importing Assets/DavePixel/PirateCoin/Textures/Brass/Materials/Coin_Low_lambert1_BaseColor 1.mat using Guid(e24c887ca4eec42efa6e66d84e167d8a) Importer(2089858483,b0f066a214c2f5e87bad3c948f4d605d) (ScriptedImporter) -> (artifact id: '5c119316b17a3522fa169be61f7a4616') in 0.030537958 seconds
Number of updated asset objects reloaded before import = 0Number of asset objects unloaded after import = 2

========================================================================
Received Import Request.
  Time since last request: 0.000224 seconds.
  path: Assets/DavePixel/PirateCoin HDRP/Materials/Gold.mat
  artifactKey: Guid(3d1c00990f90a5946be73339090928d3) Importer(2089858483,b0f066a214c2f5e87bad3c948f4d605d)
Start importing Assets/DavePixel/PirateCoin HDRP/Materials/Gold.mat using Guid(3d1c00990f90a5946be73339090928d3) Importer(2089858483,b0f066a214c2f5e87bad3c948f4d605d) (ScriptedImporter) -> (artifact id: '8e83cfedcf65926c1202432977582704') in 0.100523 seconds
Number of updated asset objects reloaded before import = 0Number of asset objects unloaded after import = 1

========================================================================
Received Import Request.
  Time since last request: 173.678416 seconds.
  path: Assets/DavePixel/PirateCoin/Textures/Gold/Materials
  artifactKey: Guid(044325ae71acb4efe884107437815ac3) Importer(2089858483,b0f066a214c2f5e87bad3c948f4d605d)
Start importing Assets/DavePixel/PirateCoin/Textures/Gold/Materials using Guid(044325ae71acb4efe884107437815ac3) Importer(2089858483,b0f066a214c2f5e87bad3c948f4d605d) (ScriptedImporter) -> (artifact id: 'abce6390e221819830ddd775f4de2653') in 0.019051042 seconds
Number of updated asset objects reloaded before import = 0Number of asset objects unloaded after import = 1

========================================================================
Received Import Request.
  Time since last request: 0.000166 seconds.
  path: Assets/DavePixel/PirateCoin HDRP/Materials/Gold.mat
  artifactKey: Guid(3d1c00990f90a5946be73339090928d3) Importer(2089858483,b0f066a214c2f5e87bad3c948f4d605d)
Start importing Assets/DavePixel/PirateCoin HDRP/Materials/Gold.mat using Guid(3d1c00990f90a5946be73339090928d3) Importer(2089858483,b0f066a214c2f5e87bad3c948f4d605d) (ScriptedImporter) -> (artifact id: '2c272b8b312075e82ee65e5dbfda38c5') in 0.011466875 seconds
Number of updated asset objects reloaded before import = 0Number of asset objects unloaded after import = 1

========================================================================
Received Import Request.
  Time since last request: 15.130593 seconds.
  path: Assets/DavePixel/PirateCoin/Textures/Silver/Materials
  artifactKey: Guid(717b537a4f3cb435384c03573f50485c) Importer(2089858483,b0f066a214c2f5e87bad3c948f4d605d)
Start importing Assets/DavePixel/PirateCoin/Textures/Silver/Materials using Guid(717b537a4f3cb435384c03573f50485c) Importer(2089858483,b0f066a214c2f5e87bad3c948f4d605d) (ScriptedImporter) -> (artifact id: '280fef0533a9191dae2a22643b33c67b') in 0.014673625 seconds
Number of updated asset objects reloaded before import = 0Number of asset objects unloaded after import = 1

